{"/Users/samuel.k/Desktop/FitStop/components/ui/button.tsx": {"path":"/Users/samuel.k/Desktop/FitStop/components/ui/button.tsx","statementMap":{"0":{"start":{"line":7,"column":6},"end":{"line":38,"column":null}},"1":{"start":{"line":50,"column":15},"end":{"line":50,"column":null}},"2":{"start":{"line":52,"column":2},"end":{"line":57,"column":null}}},"fnMap":{"0":{"name":"Button","decl":{"start":{"line":40,"column":9},"end":{"line":40,"column":16}},"loc":{"start":{"line":49,"column":5},"end":{"line":59,"column":null}},"line":49}},"branchMap":{"0":{"loc":{"start":{"line":44,"column":2},"end":{"line":44,"column":null}},"type":"default-arg","locations":[{"start":{"line":44,"column":12},"end":{"line":44,"column":null}}],"line":44},"1":{"loc":{"start":{"line":50,"column":15},"end":{"line":50,"column":null}},"type":"cond-expr","locations":[{"start":{"line":50,"column":25},"end":{"line":50,"column":32}},{"start":{"line":50,"column":32},"end":{"line":50,"column":null}}],"line":50}},"s":{"0":1,"1":11,"2":11},"f":{"0":11},"b":{"0":[11],"1":[1,10]},"meta":{"lastBranch":2,"lastFunction":1,"lastStatement":3,"seen":{"s:7:6:38:Infinity":0,"f:40:9:40:16":0,"b:44:12:44:Infinity":0,"s:50:15:50:Infinity":1,"b:50:25:50:32:50:32:50:Infinity":1,"s:52:2:57:Infinity":2}}}
,"/Users/samuel.k/Desktop/FitStop/components/ui/use-mobile.tsx": {"path":"/Users/samuel.k/Desktop/FitStop/components/ui/use-mobile.tsx","statementMap":{"0":{"start":{"line":3,"column":26},"end":{"line":3,"column":null}},"1":{"start":{"line":6,"column":34},"end":{"line":6,"column":null}},"2":{"start":{"line":8,"column":2},"end":{"line":19,"column":null}},"3":{"start":{"line":10,"column":4},"end":{"line":10,"column":null}},"4":{"start":{"line":10,"column":39},"end":{"line":10,"column":null}},"5":{"start":{"line":12,"column":16},"end":{"line":12,"column":null}},"6":{"start":{"line":13,"column":21},"end":{"line":15,"column":null}},"7":{"start":{"line":14,"column":6},"end":{"line":14,"column":null}},"8":{"start":{"line":16,"column":4},"end":{"line":16,"column":null}},"9":{"start":{"line":17,"column":4},"end":{"line":17,"column":null}},"10":{"start":{"line":18,"column":4},"end":{"line":18,"column":null}},"11":{"start":{"line":18,"column":17},"end":{"line":18,"column":null}},"12":{"start":{"line":21,"column":2},"end":{"line":21,"column":null}}},"fnMap":{"0":{"name":"useIsMobile","decl":{"start":{"line":5,"column":16},"end":{"line":5,"column":30}},"loc":{"start":{"line":5,"column":30},"end":{"line":22,"column":null}},"line":5},"1":{"name":"(anonymous_1)","decl":{"start":{"line":8,"column":18},"end":{"line":8,"column":24}},"loc":{"start":{"line":8,"column":24},"end":{"line":19,"column":5}},"line":8},"2":{"name":"(anonymous_2)","decl":{"start":{"line":13,"column":21},"end":{"line":13,"column":27}},"loc":{"start":{"line":13,"column":27},"end":{"line":15,"column":null}},"line":13},"3":{"name":"(anonymous_3)","decl":{"start":{"line":18,"column":11},"end":{"line":18,"column":17}},"loc":{"start":{"line":18,"column":17},"end":{"line":18,"column":null}},"line":18}},"branchMap":{"0":{"loc":{"start":{"line":10,"column":4},"end":{"line":10,"column":null}},"type":"if","locations":[{"start":{"line":10,"column":4},"end":{"line":10,"column":null}},{"start":{},"end":{}}],"line":10}},"s":{"0":1,"1":9,"2":9,"3":4,"4":0,"5":4,"6":4,"7":1,"8":4,"9":4,"10":4,"11":4,"12":9},"f":{"0":9,"1":4,"2":1,"3":4},"b":{"0":[0,4]},"meta":{"lastBranch":1,"lastFunction":4,"lastStatement":13,"seen":{"s:3:26:3:Infinity":0,"f:5:16:5:30":0,"s:6:34:6:Infinity":1,"s:8:2:19:Infinity":2,"f:8:18:8:24":1,"b:10:4:10:Infinity:undefined:undefined:undefined:undefined":0,"s:10:4:10:Infinity":3,"s:10:39:10:Infinity":4,"s:12:16:12:Infinity":5,"s:13:21:15:Infinity":6,"f:13:21:13:27":2,"s:14:6:14:Infinity":7,"s:16:4:16:Infinity":8,"s:17:4:17:Infinity":9,"s:18:4:18:Infinity":10,"f:18:11:18:17":3,"s:18:17:18:Infinity":11,"s:21:2:21:Infinity":12}}}
,"/Users/samuel.k/Desktop/FitStop/lib/check-in-utils.ts": {"path":"/Users/samuel.k/Desktop/FitStop/lib/check-in-utils.ts","statementMap":{"0":{"start":{"line":5,"column":33},"end":{"line":7,"column":null}},"1":{"start":{"line":6,"column":2},"end":{"line":6,"column":null}},"2":{"start":{"line":10,"column":33},"end":{"line":12,"column":null}},"3":{"start":{"line":11,"column":2},"end":{"line":11,"column":null}},"4":{"start":{"line":15,"column":34},"end":{"line":17,"column":null}},"5":{"start":{"line":16,"column":2},"end":{"line":16,"column":null}},"6":{"start":{"line":20,"column":35},"end":{"line":23,"column":null}},"7":{"start":{"line":21,"column":14},"end":{"line":21,"column":null}},"8":{"start":{"line":22,"column":2},"end":{"line":22,"column":null}},"9":{"start":{"line":26,"column":43},"end":{"line":78,"column":null}},"10":{"start":{"line":30,"column":49},"end":{"line":30,"column":null}},"11":{"start":{"line":32,"column":2},"end":{"line":71,"column":null}},"12":{"start":{"line":34,"column":4},"end":{"line":36,"column":null}},"13":{"start":{"line":35,"column":6},"end":{"line":35,"column":null}},"14":{"start":{"line":39,"column":4},"end":{"line":43,"column":null}},"15":{"start":{"line":40,"column":6},"end":{"line":42,"column":null}},"16":{"start":{"line":46,"column":30},"end":{"line":46,"column":null}},"17":{"start":{"line":47,"column":4},"end":{"line":49,"column":null}},"18":{"start":{"line":48,"column":6},"end":{"line":48,"column":null}},"19":{"start":{"line":50,"column":4},"end":{"line":52,"column":null}},"20":{"start":{"line":51,"column":6},"end":{"line":51,"column":null}},"21":{"start":{"line":53,"column":4},"end":{"line":55,"column":null}},"22":{"start":{"line":54,"column":6},"end":{"line":54,"column":null}},"23":{"start":{"line":56,"column":4},"end":{"line":58,"column":null}},"24":{"start":{"line":57,"column":6},"end":{"line":57,"column":null}},"25":{"start":{"line":59,"column":4},"end":{"line":61,"column":null}},"26":{"start":{"line":60,"column":6},"end":{"line":60,"column":null}},"27":{"start":{"line":63,"column":4},"end":{"line":65,"column":null}},"28":{"start":{"line":64,"column":6},"end":{"line":64,"column":null}},"29":{"start":{"line":68,"column":4},"end":{"line":70,"column":null}},"30":{"start":{"line":69,"column":6},"end":{"line":69,"column":null}},"31":{"start":{"line":73,"column":2},"end":{"line":77,"column":null}},"32":{"start":{"line":81,"column":32},"end":{"line":139,"column":null}},"33":{"start":{"line":82,"column":25},"end":{"line":84,"column":null}},"34":{"start":{"line":83,"column":14},"end":{"line":83,"column":null}},"35":{"start":{"line":86,"column":39},"end":{"line":92,"column":null}},"36":{"start":{"line":94,"column":2},"end":{"line":136,"column":null}},"37":{"start":{"line":95,"column":10},"end":{"line":95,"column":null}},"38":{"start":{"line":97,"column":4},"end":{"line":103,"column":null}},"39":{"start":{"line":98,"column":6},"end":{"line":102,"column":null}},"40":{"start":{"line":105,"column":4},"end":{"line":111,"column":null}},"41":{"start":{"line":106,"column":6},"end":{"line":110,"column":null}},"42":{"start":{"line":113,"column":4},"end":{"line":119,"column":null}},"43":{"start":{"line":114,"column":6},"end":{"line":118,"column":null}},"44":{"start":{"line":121,"column":4},"end":{"line":127,"column":null}},"45":{"start":{"line":122,"column":6},"end":{"line":126,"column":null}},"46":{"start":{"line":129,"column":4},"end":{"line":135,"column":null}},"47":{"start":{"line":130,"column":6},"end":{"line":134,"column":null}},"48":{"start":{"line":138,"column":2},"end":{"line":138,"column":null}},"49":{"start":{"line":142,"column":30},"end":{"line":155,"column":null}},"50":{"start":{"line":145,"column":2},"end":{"line":154,"column":null}},"51":{"start":{"line":147,"column":6},"end":{"line":147,"column":null}},"52":{"start":{"line":149,"column":6},"end":{"line":149,"column":null}},"53":{"start":{"line":151,"column":6},"end":{"line":151,"column":null}},"54":{"start":{"line":153,"column":6},"end":{"line":153,"column":null}},"55":{"start":{"line":158,"column":30},"end":{"line":171,"column":null}},"56":{"start":{"line":161,"column":2},"end":{"line":170,"column":null}},"57":{"start":{"line":163,"column":6},"end":{"line":163,"column":null}},"58":{"start":{"line":165,"column":6},"end":{"line":165,"column":null}},"59":{"start":{"line":167,"column":6},"end":{"line":167,"column":null}},"60":{"start":{"line":169,"column":6},"end":{"line":169,"column":null}},"61":{"start":{"line":174,"column":32},"end":{"line":178,"column":null}},"62":{"start":{"line":175,"column":22},"end":{"line":175,"column":null}},"63":{"start":{"line":175,"column":56},"end":{"line":175,"column":71}},"64":{"start":{"line":176,"column":2},"end":{"line":176,"column":null}},"65":{"start":{"line":176,"column":32},"end":{"line":176,"column":null}},"66":{"start":{"line":177,"column":2},"end":{"line":177,"column":null}},"67":{"start":{"line":177,"column":42},"end":{"line":177,"column":53}},"68":{"start":{"line":181,"column":33},"end":{"line":189,"column":null}},"69":{"start":{"line":186,"column":15},"end":{"line":186,"column":null}},"70":{"start":{"line":187,"column":2},"end":{"line":187,"column":null}},"71":{"start":{"line":187,"column":34},"end":{"line":187,"column":null}},"72":{"start":{"line":188,"column":2},"end":{"line":188,"column":null}}},"fnMap":{"0":{"name":"(anonymous_0)","decl":{"start":{"line":5,"column":33},"end":{"line":5,"column":34}},"loc":{"start":{"line":5,"column":65},"end":{"line":7,"column":null}},"line":5},"1":{"name":"(anonymous_1)","decl":{"start":{"line":10,"column":33},"end":{"line":10,"column":34}},"loc":{"start":{"line":10,"column":65},"end":{"line":12,"column":null}},"line":10},"2":{"name":"(anonymous_2)","decl":{"start":{"line":15,"column":34},"end":{"line":15,"column":35}},"loc":{"start":{"line":15,"column":66},"end":{"line":17,"column":null}},"line":15},"3":{"name":"(anonymous_3)","decl":{"start":{"line":20,"column":35},"end":{"line":20,"column":36}},"loc":{"start":{"line":20,"column":80},"end":{"line":23,"column":null}},"line":20},"4":{"name":"(anonymous_4)","decl":{"start":{"line":26,"column":43},"end":{"line":26,"column":null}},"loc":{"start":{"line":29,"column":25},"end":{"line":78,"column":null}},"line":29},"5":{"name":"(anonymous_5)","decl":{"start":{"line":81,"column":32},"end":{"line":81,"column":33}},"loc":{"start":{"line":81,"column":76},"end":{"line":139,"column":null}},"line":81},"6":{"name":"(anonymous_6)","decl":{"start":{"line":83,"column":4},"end":{"line":83,"column":5}},"loc":{"start":{"line":83,"column":14},"end":{"line":83,"column":null}},"line":83},"7":{"name":"(anonymous_7)","decl":{"start":{"line":94,"column":25},"end":{"line":94,"column":26}},"loc":{"start":{"line":94,"column":38},"end":{"line":136,"column":3}},"line":94},"8":{"name":"(anonymous_8)","decl":{"start":{"line":142,"column":30},"end":{"line":142,"column":null}},"loc":{"start":{"line":144,"column":13},"end":{"line":155,"column":null}},"line":144},"9":{"name":"(anonymous_9)","decl":{"start":{"line":158,"column":30},"end":{"line":158,"column":null}},"loc":{"start":{"line":160,"column":13},"end":{"line":171,"column":null}},"line":160},"10":{"name":"(anonymous_10)","decl":{"start":{"line":174,"column":32},"end":{"line":174,"column":33}},"loc":{"start":{"line":174,"column":76},"end":{"line":178,"column":null}},"line":174},"11":{"name":"(anonymous_11)","decl":{"start":{"line":175,"column":36},"end":{"line":175,"column":37}},"loc":{"start":{"line":175,"column":56},"end":{"line":175,"column":71}},"line":175},"12":{"name":"(anonymous_12)","decl":{"start":{"line":177,"column":28},"end":{"line":177,"column":29}},"loc":{"start":{"line":177,"column":42},"end":{"line":177,"column":53}},"line":177},"13":{"name":"(anonymous_13)","decl":{"start":{"line":181,"column":33},"end":{"line":181,"column":null}},"loc":{"start":{"line":185,"column":31},"end":{"line":189,"column":null}},"line":185}},"branchMap":{"0":{"loc":{"start":{"line":21,"column":14},"end":{"line":21,"column":null}},"type":"binary-expr","locations":[{"start":{"line":21,"column":14},"end":{"line":21,"column":26}},{"start":{"line":21,"column":26},"end":{"line":21,"column":null}}],"line":21},"1":{"loc":{"start":{"line":21,"column":26},"end":{"line":21,"column":null}},"type":"cond-expr","locations":[{"start":{"line":21,"column":58},"end":{"line":21,"column":83}},{"start":{"line":21,"column":83},"end":{"line":21,"column":null}}],"line":21},"2":{"loc":{"start":{"line":32,"column":2},"end":{"line":71,"column":null}},"type":"if","locations":[{"start":{"line":32,"column":2},"end":{"line":71,"column":null}},{"start":{},"end":{}}],"line":32},"3":{"loc":{"start":{"line":34,"column":4},"end":{"line":36,"column":null}},"type":"if","locations":[{"start":{"line":34,"column":4},"end":{"line":36,"column":null}},{"start":{},"end":{}}],"line":34},"4":{"loc":{"start":{"line":34,"column":8},"end":{"line":34,"column":43}},"type":"binary-expr","locations":[{"start":{"line":34,"column":8},"end":{"line":34,"column":26}},{"start":{"line":34,"column":26},"end":{"line":34,"column":43}}],"line":34},"5":{"loc":{"start":{"line":39,"column":4},"end":{"line":43,"column":null}},"type":"if","locations":[{"start":{"line":39,"column":4},"end":{"line":43,"column":null}},{"start":{},"end":{}}],"line":39},"6":{"loc":{"start":{"line":39,"column":8},"end":{"line":39,"column":65}},"type":"binary-expr","locations":[{"start":{"line":39,"column":8},"end":{"line":39,"column":37}},{"start":{"line":39,"column":37},"end":{"line":39,"column":65}}],"line":39},"7":{"loc":{"start":{"line":47,"column":4},"end":{"line":49,"column":null}},"type":"if","locations":[{"start":{"line":47,"column":4},"end":{"line":49,"column":null}},{"start":{},"end":{}}],"line":47},"8":{"loc":{"start":{"line":47,"column":8},"end":{"line":47,"column":41}},"type":"binary-expr","locations":[{"start":{"line":47,"column":8},"end":{"line":47,"column":25}},{"start":{"line":47,"column":25},"end":{"line":47,"column":41}}],"line":47},"9":{"loc":{"start":{"line":50,"column":4},"end":{"line":52,"column":null}},"type":"if","locations":[{"start":{"line":50,"column":4},"end":{"line":52,"column":null}},{"start":{},"end":{}}],"line":50},"10":{"loc":{"start":{"line":50,"column":8},"end":{"line":50,"column":39}},"type":"binary-expr","locations":[{"start":{"line":50,"column":8},"end":{"line":50,"column":24}},{"start":{"line":50,"column":24},"end":{"line":50,"column":39}}],"line":50},"11":{"loc":{"start":{"line":53,"column":4},"end":{"line":55,"column":null}},"type":"if","locations":[{"start":{"line":53,"column":4},"end":{"line":55,"column":null}},{"start":{},"end":{}}],"line":53},"12":{"loc":{"start":{"line":53,"column":8},"end":{"line":53,"column":41}},"type":"binary-expr","locations":[{"start":{"line":53,"column":8},"end":{"line":53,"column":25}},{"start":{"line":53,"column":25},"end":{"line":53,"column":41}}],"line":53},"13":{"loc":{"start":{"line":56,"column":4},"end":{"line":58,"column":null}},"type":"if","locations":[{"start":{"line":56,"column":4},"end":{"line":58,"column":null}},{"start":{},"end":{}}],"line":56},"14":{"loc":{"start":{"line":56,"column":8},"end":{"line":56,"column":39}},"type":"binary-expr","locations":[{"start":{"line":56,"column":8},"end":{"line":56,"column":24}},{"start":{"line":56,"column":24},"end":{"line":56,"column":39}}],"line":56},"15":{"loc":{"start":{"line":59,"column":4},"end":{"line":61,"column":null}},"type":"if","locations":[{"start":{"line":59,"column":4},"end":{"line":61,"column":null}},{"start":{},"end":{}}],"line":59},"16":{"loc":{"start":{"line":59,"column":8},"end":{"line":59,"column":43}},"type":"binary-expr","locations":[{"start":{"line":59,"column":8},"end":{"line":59,"column":26}},{"start":{"line":59,"column":26},"end":{"line":59,"column":43}}],"line":59},"17":{"loc":{"start":{"line":63,"column":4},"end":{"line":65,"column":null}},"type":"if","locations":[{"start":{"line":63,"column":4},"end":{"line":65,"column":null}},{"start":{},"end":{}}],"line":63},"18":{"loc":{"start":{"line":68,"column":4},"end":{"line":70,"column":null}},"type":"if","locations":[{"start":{"line":68,"column":4},"end":{"line":70,"column":null}},{"start":{},"end":{}}],"line":68},"19":{"loc":{"start":{"line":68,"column":8},"end":{"line":68,"column":69}},"type":"binary-expr","locations":[{"start":{"line":68,"column":8},"end":{"line":68,"column":39}},{"start":{"line":68,"column":39},"end":{"line":68,"column":69}}],"line":68},"20":{"loc":{"start":{"line":97,"column":4},"end":{"line":103,"column":null}},"type":"if","locations":[{"start":{"line":97,"column":4},"end":{"line":103,"column":null}},{"start":{},"end":{}}],"line":97},"21":{"loc":{"start":{"line":101,"column":36},"end":{"line":101,"column":63}},"type":"binary-expr","locations":[{"start":{"line":101,"column":36},"end":{"line":101,"column":58}},{"start":{"line":101,"column":58},"end":{"line":101,"column":63}}],"line":101},"22":{"loc":{"start":{"line":105,"column":4},"end":{"line":111,"column":null}},"type":"if","locations":[{"start":{"line":105,"column":4},"end":{"line":111,"column":null}},{"start":{},"end":{}}],"line":105},"23":{"loc":{"start":{"line":113,"column":4},"end":{"line":119,"column":null}},"type":"if","locations":[{"start":{"line":113,"column":4},"end":{"line":119,"column":null}},{"start":{},"end":{}}],"line":113},"24":{"loc":{"start":{"line":121,"column":4},"end":{"line":127,"column":null}},"type":"if","locations":[{"start":{"line":121,"column":4},"end":{"line":127,"column":null}},{"start":{},"end":{}}],"line":121},"25":{"loc":{"start":{"line":129,"column":4},"end":{"line":135,"column":null}},"type":"if","locations":[{"start":{"line":129,"column":4},"end":{"line":135,"column":null}},{"start":{},"end":{}}],"line":129},"26":{"loc":{"start":{"line":145,"column":2},"end":{"line":154,"column":null}},"type":"switch","locations":[{"start":{"line":146,"column":4},"end":{"line":147,"column":null}},{"start":{"line":148,"column":4},"end":{"line":149,"column":null}},{"start":{"line":150,"column":4},"end":{"line":151,"column":null}},{"start":{"line":152,"column":4},"end":{"line":153,"column":null}}],"line":145},"27":{"loc":{"start":{"line":161,"column":2},"end":{"line":170,"column":null}},"type":"switch","locations":[{"start":{"line":162,"column":4},"end":{"line":163,"column":null}},{"start":{"line":164,"column":4},"end":{"line":165,"column":null}},{"start":{"line":166,"column":4},"end":{"line":167,"column":null}},{"start":{"line":168,"column":4},"end":{"line":169,"column":null}}],"line":161},"28":{"loc":{"start":{"line":176,"column":2},"end":{"line":176,"column":null}},"type":"if","locations":[{"start":{"line":176,"column":2},"end":{"line":176,"column":null}},{"start":{},"end":{}}],"line":176},"29":{"loc":{"start":{"line":184,"column":2},"end":{"line":184,"column":null}},"type":"default-arg","locations":[{"start":{"line":184,"column":22},"end":{"line":184,"column":null}}],"line":184},"30":{"loc":{"start":{"line":187,"column":2},"end":{"line":187,"column":null}},"type":"if","locations":[{"start":{"line":187,"column":2},"end":{"line":187,"column":null}},{"start":{},"end":{}}],"line":187},"31":{"loc":{"start":{"line":188,"column":9},"end":{"line":188,"column":null}},"type":"cond-expr","locations":[{"start":{"line":188,"column":20},"end":{"line":188,"column":27}},{"start":{"line":188,"column":27},"end":{"line":188,"column":null}}],"line":188}},"s":{"0":1,"1":3,"2":1,"3":2,"4":1,"5":3,"6":1,"7":3,"8":3,"9":1,"10":6,"11":6,"12":5,"13":1,"14":5,"15":1,"16":5,"17":5,"18":1,"19":5,"20":1,"21":5,"22":1,"23":5,"24":1,"25":5,"26":1,"27":5,"28":1,"29":5,"30":1,"31":6,"32":1,"33":7,"34":10,"35":7,"36":7,"37":14,"38":14,"39":7,"40":14,"41":2,"42":14,"43":0,"44":14,"45":2,"46":14,"47":2,"48":7,"49":1,"50":4,"51":1,"52":1,"53":1,"54":1,"55":1,"56":4,"57":1,"58":1,"59":1,"60":1,"61":1,"62":5,"63":14,"64":5,"65":2,"66":3,"67":9,"68":1,"69":10,"70":10,"71":3,"72":7},"f":{"0":3,"1":2,"2":3,"3":3,"4":6,"5":7,"6":10,"7":14,"8":4,"9":4,"10":5,"11":14,"12":9,"13":10},"b":{"0":[3,1],"1":[1,0],"2":[5,1],"3":[1,4],"4":[5,2],"5":[1,4],"6":[5,1],"7":[1,4],"8":[5,1],"9":[1,4],"10":[5,1],"11":[1,4],"12":[5,1],"13":[1,4],"14":[5,1],"15":[1,4],"16":[5,1],"17":[1,4],"18":[1,4],"19":[5,1],"20":[7,7],"21":[7,5],"22":[2,12],"23":[0,14],"24":[2,12],"25":[2,12],"26":[1,1,1,1],"27":[1,1,1,1],"28":[2,3],"29":[10],"30":[3,7],"31":[4,3]},"meta":{"lastBranch":32,"lastFunction":14,"lastStatement":73,"seen":{"s:5:33:7:Infinity":0,"f:5:33:5:34":0,"s:6:2:6:Infinity":1,"s:10:33:12:Infinity":2,"f:10:33:10:34":1,"s:11:2:11:Infinity":3,"s:15:34:17:Infinity":4,"f:15:34:15:35":2,"s:16:2:16:Infinity":5,"s:20:35:23:Infinity":6,"f:20:35:20:36":3,"s:21:14:21:Infinity":7,"b:21:14:21:26:21:26:21:Infinity":0,"b:21:58:21:83:21:83:21:Infinity":1,"s:22:2:22:Infinity":8,"s:26:43:78:Infinity":9,"f:26:43:26:Infinity":4,"s:30:49:30:Infinity":10,"b:32:2:71:Infinity:undefined:undefined:undefined:undefined":2,"s:32:2:71:Infinity":11,"b:34:4:36:Infinity:undefined:undefined:undefined:undefined":3,"s:34:4:36:Infinity":12,"b:34:8:34:26:34:26:34:43":4,"s:35:6:35:Infinity":13,"b:39:4:43:Infinity:undefined:undefined:undefined:undefined":5,"s:39:4:43:Infinity":14,"b:39:8:39:37:39:37:39:65":6,"s:40:6:42:Infinity":15,"s:46:30:46:Infinity":16,"b:47:4:49:Infinity:undefined:undefined:undefined:undefined":7,"s:47:4:49:Infinity":17,"b:47:8:47:25:47:25:47:41":8,"s:48:6:48:Infinity":18,"b:50:4:52:Infinity:undefined:undefined:undefined:undefined":9,"s:50:4:52:Infinity":19,"b:50:8:50:24:50:24:50:39":10,"s:51:6:51:Infinity":20,"b:53:4:55:Infinity:undefined:undefined:undefined:undefined":11,"s:53:4:55:Infinity":21,"b:53:8:53:25:53:25:53:41":12,"s:54:6:54:Infinity":22,"b:56:4:58:Infinity:undefined:undefined:undefined:undefined":13,"s:56:4:58:Infinity":23,"b:56:8:56:24:56:24:56:39":14,"s:57:6:57:Infinity":24,"b:59:4:61:Infinity:undefined:undefined:undefined:undefined":15,"s:59:4:61:Infinity":25,"b:59:8:59:26:59:26:59:43":16,"s:60:6:60:Infinity":26,"b:63:4:65:Infinity:undefined:undefined:undefined:undefined":17,"s:63:4:65:Infinity":27,"s:64:6:64:Infinity":28,"b:68:4:70:Infinity:undefined:undefined:undefined:undefined":18,"s:68:4:70:Infinity":29,"b:68:8:68:39:68:39:68:69":19,"s:69:6:69:Infinity":30,"s:73:2:77:Infinity":31,"s:81:32:139:Infinity":32,"f:81:32:81:33":5,"s:82:25:84:Infinity":33,"f:83:4:83:5":6,"s:83:14:83:Infinity":34,"s:86:39:92:Infinity":35,"s:94:2:136:Infinity":36,"f:94:25:94:26":7,"s:95:10:95:Infinity":37,"b:97:4:103:Infinity:undefined:undefined:undefined:undefined":20,"s:97:4:103:Infinity":38,"s:98:6:102:Infinity":39,"b:101:36:101:58:101:58:101:63":21,"b:105:4:111:Infinity:undefined:undefined:undefined:undefined":22,"s:105:4:111:Infinity":40,"s:106:6:110:Infinity":41,"b:113:4:119:Infinity:undefined:undefined:undefined:undefined":23,"s:113:4:119:Infinity":42,"s:114:6:118:Infinity":43,"b:121:4:127:Infinity:undefined:undefined:undefined:undefined":24,"s:121:4:127:Infinity":44,"s:122:6:126:Infinity":45,"b:129:4:135:Infinity:undefined:undefined:undefined:undefined":25,"s:129:4:135:Infinity":46,"s:130:6:134:Infinity":47,"s:138:2:138:Infinity":48,"s:142:30:155:Infinity":49,"f:142:30:142:Infinity":8,"b:146:4:147:Infinity:148:4:149:Infinity:150:4:151:Infinity:152:4:153:Infinity":26,"s:145:2:154:Infinity":50,"s:147:6:147:Infinity":51,"s:149:6:149:Infinity":52,"s:151:6:151:Infinity":53,"s:153:6:153:Infinity":54,"s:158:30:171:Infinity":55,"f:158:30:158:Infinity":9,"b:162:4:163:Infinity:164:4:165:Infinity:166:4:167:Infinity:168:4:169:Infinity":27,"s:161:2:170:Infinity":56,"s:163:6:163:Infinity":57,"s:165:6:165:Infinity":58,"s:167:6:167:Infinity":59,"s:169:6:169:Infinity":60,"s:174:32:178:Infinity":61,"f:174:32:174:33":10,"s:175:22:175:Infinity":62,"f:175:36:175:37":11,"s:175:56:175:71":63,"b:176:2:176:Infinity:undefined:undefined:undefined:undefined":28,"s:176:2:176:Infinity":64,"s:176:32:176:Infinity":65,"s:177:2:177:Infinity":66,"f:177:28:177:29":12,"s:177:42:177:53":67,"s:181:33:189:Infinity":68,"f:181:33:181:Infinity":13,"b:184:22:184:Infinity":29,"s:186:15:186:Infinity":69,"b:187:2:187:Infinity:undefined:undefined:undefined:undefined":30,"s:187:2:187:Infinity":70,"s:187:34:187:Infinity":71,"s:188:2:188:Infinity":72,"b:188:20:188:27:188:27:188:Infinity":31}}}
,"/Users/samuel.k/Desktop/FitStop/lib/rate-limit.ts": {"path":"/Users/samuel.k/Desktop/FitStop/lib/rate-limit.ts","statementMap":{"0":{"start":{"line":19,"column":21},"end":{"line":19,"column":null}},"1":{"start":{"line":22,"column":0},"end":{"line":29,"column":null}},"2":{"start":{"line":23,"column":14},"end":{"line":23,"column":null}},"3":{"start":{"line":24,"column":2},"end":{"line":28,"column":null}},"4":{"start":{"line":25,"column":4},"end":{"line":27,"column":null}},"5":{"start":{"line":26,"column":6},"end":{"line":26,"column":null}},"6":{"start":{"line":36,"column":23},"end":{"line":36,"column":null}},"7":{"start":{"line":37,"column":13},"end":{"line":37,"column":null}},"8":{"start":{"line":38,"column":2},"end":{"line":38,"column":null}},"9":{"start":{"line":49,"column":19},"end":{"line":49,"column":null}},"10":{"start":{"line":50,"column":14},"end":{"line":50,"column":null}},"11":{"start":{"line":51,"column":17},"end":{"line":51,"column":null}},"12":{"start":{"line":54,"column":2},"end":{"line":60,"column":null}},"13":{"start":{"line":55,"column":4},"end":{"line":58,"column":null}},"14":{"start":{"line":59,"column":4},"end":{"line":59,"column":null}},"15":{"start":{"line":63,"column":2},"end":{"line":63,"column":null}},"16":{"start":{"line":66,"column":2},"end":{"line":84,"column":null}},"17":{"start":{"line":67,"column":23},"end":{"line":67,"column":null}},"18":{"start":{"line":68,"column":4},"end":{"line":83,"column":null}},"19":{"start":{"line":86,"column":2},"end":{"line":86,"column":null}},"20":{"start":{"line":93,"column":2},"end":{"line":96,"column":null}},"21":{"start":{"line":103,"column":2},"end":{"line":106,"column":null}},"22":{"start":{"line":113,"column":2},"end":{"line":116,"column":null}}},"fnMap":{"0":{"name":"(anonymous_0)","decl":{"start":{"line":22,"column":12},"end":{"line":22,"column":18}},"loc":{"start":{"line":22,"column":18},"end":{"line":29,"column":3}},"line":22},"1":{"name":"getClientIdentifier","decl":{"start":{"line":35,"column":9},"end":{"line":35,"column":29}},"loc":{"start":{"line":35,"column":59},"end":{"line":39,"column":null}},"line":35},"2":{"name":"rateLimit","decl":{"start":{"line":45,"column":16},"end":{"line":45,"column":null}},"loc":{"start":{"line":48,"column":23},"end":{"line":87,"column":null}},"line":48},"3":{"name":"authRateLimit","decl":{"start":{"line":92,"column":16},"end":{"line":92,"column":30}},"loc":{"start":{"line":92,"column":73},"end":{"line":97,"column":null}},"line":92},"4":{"name":"apiRateLimit","decl":{"start":{"line":102,"column":16},"end":{"line":102,"column":29}},"loc":{"start":{"line":102,"column":72},"end":{"line":107,"column":null}},"line":102},"5":{"name":"checkInRateLimit","decl":{"start":{"line":112,"column":16},"end":{"line":112,"column":33}},"loc":{"start":{"line":112,"column":76},"end":{"line":117,"column":null}},"line":112}},"branchMap":{"0":{"loc":{"start":{"line":25,"column":4},"end":{"line":27,"column":null}},"type":"if","locations":[{"start":{"line":25,"column":4},"end":{"line":27,"column":null}},{"start":{},"end":{}}],"line":25},"1":{"loc":{"start":{"line":37,"column":13},"end":{"line":37,"column":null}},"type":"binary-expr","locations":[{"start":{"line":37,"column":13},"end":{"line":37,"column":52}},{"start":{"line":37,"column":52},"end":{"line":37,"column":null}}],"line":37},"2":{"loc":{"start":{"line":47,"column":2},"end":{"line":47,"column":null}},"type":"default-arg","locations":[{"start":{"line":47,"column":28},"end":{"line":47,"column":null}}],"line":47},"3":{"loc":{"start":{"line":54,"column":2},"end":{"line":60,"column":null}},"type":"if","locations":[{"start":{"line":54,"column":2},"end":{"line":60,"column":null}},{"start":{},"end":{}}],"line":54},"4":{"loc":{"start":{"line":54,"column":6},"end":{"line":54,"column":41}},"type":"binary-expr","locations":[{"start":{"line":54,"column":6},"end":{"line":54,"column":17}},{"start":{"line":54,"column":17},"end":{"line":54,"column":41}}],"line":54},"5":{"loc":{"start":{"line":66,"column":2},"end":{"line":84,"column":null}},"type":"if","locations":[{"start":{"line":66,"column":2},"end":{"line":84,"column":null}},{"start":{},"end":{}}],"line":66}},"s":{"0":1,"1":1,"2":0,"3":0,"4":0,"5":0,"6":293,"7":293,"8":293,"9":293,"10":293,"11":293,"12":293,"13":18,"14":18,"15":275,"16":275,"17":13,"18":13,"19":262,"20":13,"21":123,"22":31},"f":{"0":0,"1":293,"2":293,"3":13,"4":123,"5":31},"b":{"0":[0,0],"1":[293,1],"2":[293],"3":[18,275],"4":[293,278],"5":[13,262]},"meta":{"lastBranch":6,"lastFunction":6,"lastStatement":23,"seen":{"s:19:21:19:Infinity":0,"s:22:0:29:Infinity":1,"f:22:12:22:18":0,"s:23:14:23:Infinity":2,"s:24:2:28:Infinity":3,"b:25:4:27:Infinity:undefined:undefined:undefined:undefined":0,"s:25:4:27:Infinity":4,"s:26:6:26:Infinity":5,"f:35:9:35:29":1,"s:36:23:36:Infinity":6,"s:37:13:37:Infinity":7,"b:37:13:37:52:37:52:37:Infinity":1,"s:38:2:38:Infinity":8,"f:45:16:45:Infinity":2,"b:47:28:47:Infinity":2,"s:49:19:49:Infinity":9,"s:50:14:50:Infinity":10,"s:51:17:51:Infinity":11,"b:54:2:60:Infinity:undefined:undefined:undefined:undefined":3,"s:54:2:60:Infinity":12,"b:54:6:54:17:54:17:54:41":4,"s:55:4:58:Infinity":13,"s:59:4:59:Infinity":14,"s:63:2:63:Infinity":15,"b:66:2:84:Infinity:undefined:undefined:undefined:undefined":5,"s:66:2:84:Infinity":16,"s:67:23:67:Infinity":17,"s:68:4:83:Infinity":18,"s:86:2:86:Infinity":19,"f:92:16:92:30":3,"s:93:2:96:Infinity":20,"f:102:16:102:29":4,"s:103:2:106:Infinity":21,"f:112:16:112:33":5,"s:113:2:116:Infinity":22}}}
,"/Users/samuel.k/Desktop/FitStop/lib/utils.ts": {"path":"/Users/samuel.k/Desktop/FitStop/lib/utils.ts","statementMap":{"0":{"start":{"line":5,"column":2},"end":{"line":5,"column":null}}},"fnMap":{"0":{"name":"cn","decl":{"start":{"line":4,"column":16},"end":{"line":4,"column":22}},"loc":{"start":{"line":4,"column":44},"end":{"line":6,"column":null}},"line":4}},"branchMap":{},"s":{"0":29},"f":{"0":29},"b":{},"meta":{"lastBranch":0,"lastFunction":1,"lastStatement":1,"seen":{"f:4:16:4:22":0,"s:5:2:5:Infinity":0}}}
,"/Users/samuel.k/Desktop/FitStop/lib/validations/check-in.ts": {"path":"/Users/samuel.k/Desktop/FitStop/lib/validations/check-in.ts","statementMap":{"0":{"start":{"line":3,"column":19},"end":{"line":3,"column":null}},"1":{"start":{"line":5,"column":24},"end":{"line":5,"column":null}},"2":{"start":{"line":8,"column":26},"end":{"line":17,"column":null}},"3":{"start":{"line":10,"column":4},"end":{"line":10,"column":null}},"4":{"start":{"line":10,"column":57},"end":{"line":10,"column":null}},"5":{"start":{"line":11,"column":4},"end":{"line":13,"column":null}},"6":{"start":{"line":12,"column":6},"end":{"line":12,"column":null}},"7":{"start":{"line":14,"column":4},"end":{"line":14,"column":null}},"8":{"start":{"line":20,"column":23},"end":{"line":24,"column":null}},"9":{"start":{"line":21,"column":2},"end":{"line":24,"column":null}},"10":{"start":{"line":22,"column":14},"end":{"line":22,"column":null}},"11":{"start":{"line":27,"column":23},"end":{"line":35,"column":null}},"12":{"start":{"line":28,"column":2},"end":{"line":35,"column":null}},"13":{"start":{"line":30,"column":6},"end":{"line":30,"column":null}},"14":{"start":{"line":30,"column":59},"end":{"line":30,"column":null}},"15":{"start":{"line":31,"column":18},"end":{"line":31,"column":null}},"16":{"start":{"line":32,"column":6},"end":{"line":32,"column":null}},"17":{"start":{"line":38,"column":20},"end":{"line":46,"column":null}},"18":{"start":{"line":39,"column":2},"end":{"line":46,"column":null}},"19":{"start":{"line":41,"column":6},"end":{"line":41,"column":null}},"20":{"start":{"line":41,"column":59},"end":{"line":41,"column":null}},"21":{"start":{"line":42,"column":18},"end":{"line":42,"column":null}},"22":{"start":{"line":43,"column":6},"end":{"line":43,"column":null}},"23":{"start":{"line":49,"column":39},"end":{"line":56,"column":null}},"24":{"start":{"line":53,"column":35},"end":{"line":53,"column":67}},"25":{"start":{"line":54,"column":99},"end":{"line":54,"column":113}},"26":{"start":{"line":59,"column":39},"end":{"line":67,"column":null}},"27":{"start":{"line":60,"column":71},"end":{"line":60,"column":85}},"28":{"start":{"line":65,"column":75},"end":{"line":65,"column":89}},"29":{"start":{"line":70,"column":38},"end":{"line":80,"column":null}},"30":{"start":{"line":74,"column":14},"end":{"line":74,"column":null}},"31":{"start":{"line":83,"column":40},"end":{"line":86,"column":null}},"32":{"start":{"line":93,"column":35},"end":{"line":133,"column":null}},"33":{"start":{"line":103,"column":75},"end":{"line":103,"column":89}},"34":{"start":{"line":112,"column":79},"end":{"line":112,"column":93}},"35":{"start":{"line":126,"column":102},"end":{"line":126,"column":116}},"36":{"start":{"line":127,"column":102},"end":{"line":127,"column":116}},"37":{"start":{"line":128,"column":101},"end":{"line":128,"column":115}},"38":{"start":{"line":129,"column":86},"end":{"line":129,"column":100}}},"fnMap":{"0":{"name":"(anonymous_0)","decl":{"start":{"line":9,"column":2},"end":{"line":9,"column":3}},"loc":{"start":{"line":9,"column":11},"end":{"line":15,"column":null}},"line":9},"1":{"name":"(anonymous_1)","decl":{"start":{"line":20,"column":23},"end":{"line":20,"column":24}},"loc":{"start":{"line":21,"column":2},"end":{"line":24,"column":null}},"line":21},"2":{"name":"(anonymous_2)","decl":{"start":{"line":22,"column":4},"end":{"line":22,"column":5}},"loc":{"start":{"line":22,"column":14},"end":{"line":22,"column":null}},"line":22},"3":{"name":"(anonymous_3)","decl":{"start":{"line":27,"column":23},"end":{"line":27,"column":24}},"loc":{"start":{"line":28,"column":2},"end":{"line":35,"column":null}},"line":28},"4":{"name":"(anonymous_4)","decl":{"start":{"line":29,"column":4},"end":{"line":29,"column":5}},"loc":{"start":{"line":29,"column":13},"end":{"line":33,"column":null}},"line":29},"5":{"name":"(anonymous_5)","decl":{"start":{"line":38,"column":20},"end":{"line":38,"column":21}},"loc":{"start":{"line":39,"column":2},"end":{"line":46,"column":null}},"line":39},"6":{"name":"(anonymous_6)","decl":{"start":{"line":40,"column":4},"end":{"line":40,"column":5}},"loc":{"start":{"line":40,"column":13},"end":{"line":44,"column":null}},"line":40},"7":{"name":"(anonymous_7)","decl":{"start":{"line":53,"column":26},"end":{"line":53,"column":27}},"loc":{"start":{"line":53,"column":35},"end":{"line":53,"column":67}},"line":53},"8":{"name":"(anonymous_8)","decl":{"start":{"line":54,"column":92},"end":{"line":54,"column":93}},"loc":{"start":{"line":54,"column":99},"end":{"line":54,"column":113}},"line":54},"9":{"name":"(anonymous_9)","decl":{"start":{"line":60,"column":64},"end":{"line":60,"column":65}},"loc":{"start":{"line":60,"column":71},"end":{"line":60,"column":85}},"line":60},"10":{"name":"(anonymous_10)","decl":{"start":{"line":65,"column":68},"end":{"line":65,"column":69}},"loc":{"start":{"line":65,"column":75},"end":{"line":65,"column":89}},"line":65},"11":{"name":"(anonymous_11)","decl":{"start":{"line":74,"column":4},"end":{"line":74,"column":5}},"loc":{"start":{"line":74,"column":14},"end":{"line":74,"column":null}},"line":74},"12":{"name":"(anonymous_12)","decl":{"start":{"line":103,"column":68},"end":{"line":103,"column":69}},"loc":{"start":{"line":103,"column":75},"end":{"line":103,"column":89}},"line":103},"13":{"name":"(anonymous_13)","decl":{"start":{"line":112,"column":72},"end":{"line":112,"column":73}},"loc":{"start":{"line":112,"column":79},"end":{"line":112,"column":93}},"line":112},"14":{"name":"(anonymous_14)","decl":{"start":{"line":126,"column":95},"end":{"line":126,"column":96}},"loc":{"start":{"line":126,"column":102},"end":{"line":126,"column":116}},"line":126},"15":{"name":"(anonymous_15)","decl":{"start":{"line":127,"column":95},"end":{"line":127,"column":96}},"loc":{"start":{"line":127,"column":102},"end":{"line":127,"column":116}},"line":127},"16":{"name":"(anonymous_16)","decl":{"start":{"line":128,"column":94},"end":{"line":128,"column":95}},"loc":{"start":{"line":128,"column":101},"end":{"line":128,"column":115}},"line":128},"17":{"name":"(anonymous_17)","decl":{"start":{"line":129,"column":79},"end":{"line":129,"column":80}},"loc":{"start":{"line":129,"column":86},"end":{"line":129,"column":100}},"line":129}},"branchMap":{"0":{"loc":{"start":{"line":10,"column":4},"end":{"line":10,"column":null}},"type":"if","locations":[{"start":{"line":10,"column":4},"end":{"line":10,"column":null}},{"start":{},"end":{}}],"line":10},"1":{"loc":{"start":{"line":10,"column":8},"end":{"line":10,"column":57}},"type":"binary-expr","locations":[{"start":{"line":10,"column":8},"end":{"line":10,"column":24}},{"start":{"line":10,"column":24},"end":{"line":10,"column":45}},{"start":{"line":10,"column":45},"end":{"line":10,"column":57}}],"line":10},"2":{"loc":{"start":{"line":11,"column":4},"end":{"line":13,"column":null}},"type":"if","locations":[{"start":{"line":11,"column":4},"end":{"line":13,"column":null}},{"start":{},"end":{}}],"line":11},"3":{"loc":{"start":{"line":11,"column":8},"end":{"line":11,"column":90}},"type":"binary-expr","locations":[{"start":{"line":11,"column":8},"end":{"line":11,"column":35}},{"start":{"line":11,"column":35},"end":{"line":11,"column":90}}],"line":11},"4":{"loc":{"start":{"line":22,"column":14},"end":{"line":22,"column":null}},"type":"cond-expr","locations":[{"start":{"line":22,"column":43},"end":{"line":22,"column":55}},{"start":{"line":22,"column":55},"end":{"line":22,"column":null}}],"line":22},"5":{"loc":{"start":{"line":22,"column":14},"end":{"line":22,"column":43}},"type":"binary-expr","locations":[{"start":{"line":22,"column":14},"end":{"line":22,"column":30}},{"start":{"line":22,"column":30},"end":{"line":22,"column":43}}],"line":22},"6":{"loc":{"start":{"line":30,"column":6},"end":{"line":30,"column":null}},"type":"if","locations":[{"start":{"line":30,"column":6},"end":{"line":30,"column":null}},{"start":{},"end":{}}],"line":30},"7":{"loc":{"start":{"line":30,"column":10},"end":{"line":30,"column":59}},"type":"binary-expr","locations":[{"start":{"line":30,"column":10},"end":{"line":30,"column":26}},{"start":{"line":30,"column":26},"end":{"line":30,"column":47}},{"start":{"line":30,"column":47},"end":{"line":30,"column":59}}],"line":30},"8":{"loc":{"start":{"line":31,"column":18},"end":{"line":31,"column":null}},"type":"cond-expr","locations":[{"start":{"line":31,"column":44},"end":{"line":31,"column":62}},{"start":{"line":31,"column":62},"end":{"line":31,"column":null}}],"line":31},"9":{"loc":{"start":{"line":32,"column":13},"end":{"line":32,"column":null}},"type":"cond-expr","locations":[{"start":{"line":32,"column":54},"end":{"line":32,"column":60}},{"start":{"line":32,"column":60},"end":{"line":32,"column":null}}],"line":32},"10":{"loc":{"start":{"line":32,"column":13},"end":{"line":32,"column":54}},"type":"binary-expr","locations":[{"start":{"line":32,"column":13},"end":{"line":32,"column":40}},{"start":{"line":32,"column":40},"end":{"line":32,"column":54}}],"line":32},"11":{"loc":{"start":{"line":41,"column":6},"end":{"line":41,"column":null}},"type":"if","locations":[{"start":{"line":41,"column":6},"end":{"line":41,"column":null}},{"start":{},"end":{}}],"line":41},"12":{"loc":{"start":{"line":41,"column":10},"end":{"line":41,"column":59}},"type":"binary-expr","locations":[{"start":{"line":41,"column":10},"end":{"line":41,"column":26}},{"start":{"line":41,"column":26},"end":{"line":41,"column":47}},{"start":{"line":41,"column":47},"end":{"line":41,"column":59}}],"line":41},"13":{"loc":{"start":{"line":42,"column":18},"end":{"line":42,"column":null}},"type":"cond-expr","locations":[{"start":{"line":42,"column":44},"end":{"line":42,"column":64}},{"start":{"line":42,"column":64},"end":{"line":42,"column":null}}],"line":42},"14":{"loc":{"start":{"line":43,"column":13},"end":{"line":43,"column":null}},"type":"cond-expr","locations":[{"start":{"line":43,"column":54},"end":{"line":43,"column":60}},{"start":{"line":43,"column":60},"end":{"line":43,"column":null}}],"line":43},"15":{"loc":{"start":{"line":43,"column":13},"end":{"line":43,"column":54}},"type":"binary-expr","locations":[{"start":{"line":43,"column":13},"end":{"line":43,"column":40}},{"start":{"line":43,"column":40},"end":{"line":43,"column":54}}],"line":43},"16":{"loc":{"start":{"line":53,"column":35},"end":{"line":53,"column":67}},"type":"binary-expr","locations":[{"start":{"line":53,"column":35},"end":{"line":53,"column":51}},{"start":{"line":53,"column":51},"end":{"line":53,"column":67}}],"line":53},"17":{"loc":{"start":{"line":54,"column":99},"end":{"line":54,"column":113}},"type":"binary-expr","locations":[{"start":{"line":54,"column":99},"end":{"line":54,"column":104}},{"start":{"line":54,"column":104},"end":{"line":54,"column":113}}],"line":54},"18":{"loc":{"start":{"line":60,"column":71},"end":{"line":60,"column":85}},"type":"binary-expr","locations":[{"start":{"line":60,"column":71},"end":{"line":60,"column":76}},{"start":{"line":60,"column":76},"end":{"line":60,"column":85}}],"line":60},"19":{"loc":{"start":{"line":65,"column":75},"end":{"line":65,"column":89}},"type":"binary-expr","locations":[{"start":{"line":65,"column":75},"end":{"line":65,"column":80}},{"start":{"line":65,"column":80},"end":{"line":65,"column":89}}],"line":65},"20":{"loc":{"start":{"line":74,"column":14},"end":{"line":74,"column":null}},"type":"cond-expr","locations":[{"start":{"line":74,"column":40},"end":{"line":74,"column":60}},{"start":{"line":74,"column":60},"end":{"line":74,"column":null}}],"line":74},"21":{"loc":{"start":{"line":103,"column":75},"end":{"line":103,"column":89}},"type":"binary-expr","locations":[{"start":{"line":103,"column":75},"end":{"line":103,"column":80}},{"start":{"line":103,"column":80},"end":{"line":103,"column":89}}],"line":103},"22":{"loc":{"start":{"line":112,"column":79},"end":{"line":112,"column":93}},"type":"binary-expr","locations":[{"start":{"line":112,"column":79},"end":{"line":112,"column":84}},{"start":{"line":112,"column":84},"end":{"line":112,"column":93}}],"line":112},"23":{"loc":{"start":{"line":126,"column":102},"end":{"line":126,"column":116}},"type":"binary-expr","locations":[{"start":{"line":126,"column":102},"end":{"line":126,"column":107}},{"start":{"line":126,"column":107},"end":{"line":126,"column":116}}],"line":126},"24":{"loc":{"start":{"line":127,"column":102},"end":{"line":127,"column":116}},"type":"binary-expr","locations":[{"start":{"line":127,"column":102},"end":{"line":127,"column":107}},{"start":{"line":127,"column":107},"end":{"line":127,"column":116}}],"line":127},"25":{"loc":{"start":{"line":128,"column":101},"end":{"line":128,"column":115}},"type":"binary-expr","locations":[{"start":{"line":128,"column":101},"end":{"line":128,"column":106}},{"start":{"line":128,"column":106},"end":{"line":128,"column":115}}],"line":128},"26":{"loc":{"start":{"line":129,"column":86},"end":{"line":129,"column":100}},"type":"binary-expr","locations":[{"start":{"line":129,"column":86},"end":{"line":129,"column":91}},{"start":{"line":129,"column":91},"end":{"line":129,"column":100}}],"line":129}},"s":{"0":1,"1":1,"2":1,"3":41,"4":38,"5":3,"6":2,"7":1,"8":1,"9":10,"10":130,"11":1,"12":9,"13":111,"14":97,"15":14,"16":111,"17":1,"18":8,"19":85,"20":66,"21":19,"22":85,"23":1,"24":32,"25":32,"26":1,"27":6,"28":7,"29":1,"30":9,"31":1,"32":1,"33":13,"34":13,"35":12,"36":13,"37":13,"38":13},"f":{"0":41,"1":10,"2":130,"3":9,"4":111,"5":8,"6":85,"7":32,"8":32,"9":6,"10":7,"11":9,"12":13,"13":13,"14":12,"15":13,"16":13,"17":13},"b":{"0":[38,3],"1":[41,41,3],"2":[2,1],"3":[3,3],"4":[3,127],"5":[130,129],"6":[97,14],"7":[111,111,14],"8":[1,13],"9":[14,0],"10":[111,14],"11":[66,19],"12":[85,85,19],"13":[2,17],"14":[19,0],"15":[85,19],"16":[32,1],"17":[32,27],"18":[6,5],"19":[7,5],"20":[1,8],"21":[13,12],"22":[13,12],"23":[12,11],"24":[13,12],"25":[13,12],"26":[13,13]},"meta":{"lastBranch":27,"lastFunction":18,"lastStatement":39,"seen":{"s:3:19:3:Infinity":0,"s:5:24:5:Infinity":1,"s:8:26:17:Infinity":2,"f:9:2:9:3":0,"b:10:4:10:Infinity:undefined:undefined:undefined:undefined":0,"s:10:4:10:Infinity":3,"b:10:8:10:24:10:24:10:45:10:45:10:57":1,"s:10:57:10:Infinity":4,"b:11:4:13:Infinity:undefined:undefined:undefined:undefined":2,"s:11:4:13:Infinity":5,"b:11:8:11:35:11:35:11:90":3,"s:12:6:12:Infinity":6,"s:14:4:14:Infinity":7,"s:20:23:24:Infinity":8,"f:20:23:20:24":1,"s:21:2:24:Infinity":9,"f:22:4:22:5":2,"s:22:14:22:Infinity":10,"b:22:43:22:55:22:55:22:Infinity":4,"b:22:14:22:30:22:30:22:43":5,"s:27:23:35:Infinity":11,"f:27:23:27:24":3,"s:28:2:35:Infinity":12,"f:29:4:29:5":4,"b:30:6:30:Infinity:undefined:undefined:undefined:undefined":6,"s:30:6:30:Infinity":13,"b:30:10:30:26:30:26:30:47:30:47:30:59":7,"s:30:59:30:Infinity":14,"s:31:18:31:Infinity":15,"b:31:44:31:62:31:62:31:Infinity":8,"s:32:6:32:Infinity":16,"b:32:54:32:60:32:60:32:Infinity":9,"b:32:13:32:40:32:40:32:54":10,"s:38:20:46:Infinity":17,"f:38:20:38:21":5,"s:39:2:46:Infinity":18,"f:40:4:40:5":6,"b:41:6:41:Infinity:undefined:undefined:undefined:undefined":11,"s:41:6:41:Infinity":19,"b:41:10:41:26:41:26:41:47:41:47:41:59":12,"s:41:59:41:Infinity":20,"s:42:18:42:Infinity":21,"b:42:44:42:64:42:64:42:Infinity":13,"s:43:6:43:Infinity":22,"b:43:54:43:60:43:60:43:Infinity":14,"b:43:13:43:40:43:40:43:54":15,"s:49:39:56:Infinity":23,"f:53:26:53:27":7,"s:53:35:53:67":24,"b:53:35:53:51:53:51:53:67":16,"f:54:92:54:93":8,"s:54:99:54:113":25,"b:54:99:54:104:54:104:54:113":17,"s:59:39:67:Infinity":26,"f:60:64:60:65":9,"s:60:71:60:85":27,"b:60:71:60:76:60:76:60:85":18,"f:65:68:65:69":10,"s:65:75:65:89":28,"b:65:75:65:80:65:80:65:89":19,"s:70:38:80:Infinity":29,"f:74:4:74:5":11,"s:74:14:74:Infinity":30,"b:74:40:74:60:74:60:74:Infinity":20,"s:83:40:86:Infinity":31,"s:93:35:133:Infinity":32,"f:103:68:103:69":12,"s:103:75:103:89":33,"b:103:75:103:80:103:80:103:89":21,"f:112:72:112:73":13,"s:112:79:112:93":34,"b:112:79:112:84:112:84:112:93":22,"f:126:95:126:96":14,"s:126:102:126:116":35,"b:126:102:126:107:126:107:126:116":23,"f:127:95:127:96":15,"s:127:102:127:116":36,"b:127:102:127:107:127:107:127:116":24,"f:128:94:128:95":16,"s:128:101:128:115":37,"b:128:101:128:106:128:106:128:115":25,"f:129:79:129:80":17,"s:129:86:129:100":38,"b:129:86:129:91:129:91:129:100":26}}}
,"/Users/samuel.k/Desktop/FitStop/lib/validations/training.ts": {"path":"/Users/samuel.k/Desktop/FitStop/lib/validations/training.ts","statementMap":{"0":{"start":{"line":4,"column":31},"end":{"line":11,"column":null}},"1":{"start":{"line":13,"column":32},"end":{"line":13,"column":null}},"2":{"start":{"line":15,"column":31},"end":{"line":23,"column":null}},"3":{"start":{"line":25,"column":30},"end":{"line":38,"column":null}},"4":{"start":{"line":40,"column":29},"end":{"line":47,"column":null}},"5":{"start":{"line":50,"column":38},"end":{"line":57,"column":null}},"6":{"start":{"line":60,"column":43},"end":{"line":68,"column":null}},"7":{"start":{"line":70,"column":42},"end":{"line":77,"column":null}},"8":{"start":{"line":79,"column":40},"end":{"line":85,"column":null}},"9":{"start":{"line":87,"column":35},"end":{"line":87,"column":null}},"10":{"start":{"line":89,"column":36},"end":{"line":89,"column":null}},"11":{"start":{"line":92,"column":36},"end":{"line":96,"column":null}},"12":{"start":{"line":98,"column":37},"end":{"line":98,"column":null}},"13":{"start":{"line":100,"column":32},"end":{"line":100,"column":null}},"14":{"start":{"line":102,"column":33},"end":{"line":102,"column":null}},"15":{"start":{"line":109,"column":27},"end":{"line":109,"column":null}},"16":{"start":{"line":111,"column":2},"end":{"line":113,"column":null}},"17":{"start":{"line":112,"column":4},"end":{"line":112,"column":null}},"18":{"start":{"line":116,"column":2},"end":{"line":118,"column":null}},"19":{"start":{"line":117,"column":4},"end":{"line":117,"column":null}},"20":{"start":{"line":120,"column":2},"end":{"line":123,"column":null}},"21":{"start":{"line":134,"column":35},"end":{"line":159,"column":null}},"22":{"start":{"line":162,"column":41},"end":{"line":166,"column":null}},"23":{"start":{"line":169,"column":46},"end":{"line":174,"column":null}},"24":{"start":{"line":177,"column":40},"end":{"line":181,"column":null}},"25":{"start":{"line":184,"column":37},"end":{"line":188,"column":null}},"26":{"start":{"line":191,"column":42},"end":{"line":194,"column":null}},"27":{"start":{"line":229,"column":17},"end":{"line":229,"column":null}},"28":{"start":{"line":230,"column":2},"end":{"line":233,"column":null}},"29":{"start":{"line":231,"column":4},"end":{"line":231,"column":null}},"30":{"start":{"line":232,"column":4},"end":{"line":232,"column":null}},"31":{"start":{"line":234,"column":2},"end":{"line":234,"column":null}},"32":{"start":{"line":238,"column":17},"end":{"line":238,"column":null}},"33":{"start":{"line":239,"column":2},"end":{"line":242,"column":null}},"34":{"start":{"line":240,"column":4},"end":{"line":240,"column":null}},"35":{"start":{"line":241,"column":4},"end":{"line":241,"column":null}},"36":{"start":{"line":243,"column":2},"end":{"line":243,"column":null}},"37":{"start":{"line":247,"column":17},"end":{"line":247,"column":null}},"38":{"start":{"line":248,"column":2},"end":{"line":251,"column":null}},"39":{"start":{"line":249,"column":4},"end":{"line":249,"column":null}},"40":{"start":{"line":250,"column":4},"end":{"line":250,"column":null}},"41":{"start":{"line":252,"column":2},"end":{"line":252,"column":null}},"42":{"start":{"line":256,"column":17},"end":{"line":256,"column":null}},"43":{"start":{"line":257,"column":2},"end":{"line":260,"column":null}},"44":{"start":{"line":258,"column":4},"end":{"line":258,"column":null}},"45":{"start":{"line":259,"column":4},"end":{"line":259,"column":null}},"46":{"start":{"line":261,"column":2},"end":{"line":261,"column":null}},"47":{"start":{"line":265,"column":17},"end":{"line":265,"column":null}},"48":{"start":{"line":266,"column":2},"end":{"line":269,"column":null}},"49":{"start":{"line":267,"column":4},"end":{"line":267,"column":null}},"50":{"start":{"line":268,"column":4},"end":{"line":268,"column":null}},"51":{"start":{"line":270,"column":2},"end":{"line":270,"column":null}}},"fnMap":{"0":{"name":"validateClientForTraining","decl":{"start":{"line":105,"column":16},"end":{"line":105,"column":42}},"loc":{"start":{"line":108,"column":41},"end":{"line":124,"column":null}},"line":108},"1":{"name":"parseGetPlanResponse","decl":{"start":{"line":228,"column":16},"end":{"line":228,"column":37}},"loc":{"start":{"line":228,"column":79},"end":{"line":235,"column":null}},"line":228},"2":{"name":"parseGeneratePlanResponse","decl":{"start":{"line":237,"column":16},"end":{"line":237,"column":42}},"loc":{"start":{"line":237,"column":89},"end":{"line":244,"column":null}},"line":237},"3":{"name":"parseSaveManualResponse","decl":{"start":{"line":246,"column":16},"end":{"line":246,"column":40}},"loc":{"start":{"line":246,"column":89},"end":{"line":253,"column":null}},"line":246},"4":{"name":"parseSuggestionsResponse","decl":{"start":{"line":255,"column":16},"end":{"line":255,"column":41}},"loc":{"start":{"line":255,"column":87},"end":{"line":262,"column":null}},"line":255},"5":{"name":"parseRefreshExercisesResponse","decl":{"start":{"line":264,"column":16},"end":{"line":264,"column":46}},"loc":{"start":{"line":264,"column":97},"end":{"line":271,"column":null}},"line":264}},"branchMap":{"0":{"loc":{"start":{"line":111,"column":2},"end":{"line":113,"column":null}},"type":"if","locations":[{"start":{"line":111,"column":2},"end":{"line":113,"column":null}},{"start":{},"end":{}}],"line":111},"1":{"loc":{"start":{"line":116,"column":2},"end":{"line":118,"column":null}},"type":"if","locations":[{"start":{"line":116,"column":2},"end":{"line":118,"column":null}},{"start":{},"end":{}}],"line":116},"2":{"loc":{"start":{"line":230,"column":2},"end":{"line":233,"column":null}},"type":"if","locations":[{"start":{"line":230,"column":2},"end":{"line":233,"column":null}},{"start":{},"end":{}}],"line":230},"3":{"loc":{"start":{"line":239,"column":2},"end":{"line":242,"column":null}},"type":"if","locations":[{"start":{"line":239,"column":2},"end":{"line":242,"column":null}},{"start":{},"end":{}}],"line":239},"4":{"loc":{"start":{"line":248,"column":2},"end":{"line":251,"column":null}},"type":"if","locations":[{"start":{"line":248,"column":2},"end":{"line":251,"column":null}},{"start":{},"end":{}}],"line":248},"5":{"loc":{"start":{"line":257,"column":2},"end":{"line":260,"column":null}},"type":"if","locations":[{"start":{"line":257,"column":2},"end":{"line":260,"column":null}},{"start":{},"end":{}}],"line":257},"6":{"loc":{"start":{"line":266,"column":2},"end":{"line":269,"column":null}},"type":"if","locations":[{"start":{"line":266,"column":2},"end":{"line":269,"column":null}},{"start":{},"end":{}}],"line":266}},"s":{"0":1,"1":1,"2":1,"3":1,"4":1,"5":1,"6":1,"7":1,"8":1,"9":1,"10":1,"11":1,"12":1,"13":1,"14":1,"15":4,"16":4,"17":2,"18":4,"19":2,"20":4,"21":1,"22":1,"23":1,"24":1,"25":1,"26":1,"27":3,"28":3,"29":1,"30":1,"31":2,"32":2,"33":2,"34":0,"35":0,"36":2,"37":0,"38":0,"39":0,"40":0,"41":0,"42":2,"43":2,"44":0,"45":0,"46":2,"47":0,"48":0,"49":0,"50":0,"51":0},"f":{"0":4,"1":3,"2":2,"3":0,"4":2,"5":0},"b":{"0":[2,2],"1":[2,2],"2":[1,2],"3":[0,2],"4":[0,0],"5":[0,2],"6":[0,0]},"meta":{"lastBranch":7,"lastFunction":6,"lastStatement":52,"seen":{"s:4:31:11:Infinity":0,"s:13:32:13:Infinity":1,"s:15:31:23:Infinity":2,"s:25:30:38:Infinity":3,"s:40:29:47:Infinity":4,"s:50:38:57:Infinity":5,"s:60:43:68:Infinity":6,"s:70:42:77:Infinity":7,"s:79:40:85:Infinity":8,"s:87:35:87:Infinity":9,"s:89:36:89:Infinity":10,"s:92:36:96:Infinity":11,"s:98:37:98:Infinity":12,"s:100:32:100:Infinity":13,"s:102:33:102:Infinity":14,"f:105:16:105:42":0,"s:109:27:109:Infinity":15,"b:111:2:113:Infinity:undefined:undefined:undefined:undefined":0,"s:111:2:113:Infinity":16,"s:112:4:112:Infinity":17,"b:116:2:118:Infinity:undefined:undefined:undefined:undefined":1,"s:116:2:118:Infinity":18,"s:117:4:117:Infinity":19,"s:120:2:123:Infinity":20,"s:134:35:159:Infinity":21,"s:162:41:166:Infinity":22,"s:169:46:174:Infinity":23,"s:177:40:181:Infinity":24,"s:184:37:188:Infinity":25,"s:191:42:194:Infinity":26,"f:228:16:228:37":1,"s:229:17:229:Infinity":27,"b:230:2:233:Infinity:undefined:undefined:undefined:undefined":2,"s:230:2:233:Infinity":28,"s:231:4:231:Infinity":29,"s:232:4:232:Infinity":30,"s:234:2:234:Infinity":31,"f:237:16:237:42":2,"s:238:17:238:Infinity":32,"b:239:2:242:Infinity:undefined:undefined:undefined:undefined":3,"s:239:2:242:Infinity":33,"s:240:4:240:Infinity":34,"s:241:4:241:Infinity":35,"s:243:2:243:Infinity":36,"f:246:16:246:40":3,"s:247:17:247:Infinity":37,"b:248:2:251:Infinity:undefined:undefined:undefined:undefined":4,"s:248:2:251:Infinity":38,"s:249:4:249:Infinity":39,"s:250:4:250:Infinity":40,"s:252:2:252:Infinity":41,"f:255:16:255:41":4,"s:256:17:256:Infinity":42,"b:257:2:260:Infinity:undefined:undefined:undefined:undefined":5,"s:257:2:260:Infinity":43,"s:258:4:258:Infinity":44,"s:259:4:259:Infinity":45,"s:261:2:261:Infinity":46,"f:264:16:264:46":5,"s:265:17:265:Infinity":47,"b:266:2:269:Infinity:undefined:undefined:undefined:undefined":6,"s:266:2:269:Infinity":48,"s:267:4:267:Infinity":49,"s:268:4:268:Infinity":50,"s:270:2:270:Infinity":51}}}
,"/Users/samuel.k/Desktop/FitStop/services/check-in-service.ts": {"path":"/Users/samuel.k/Desktop/FitStop/services/check-in-service.ts","statementMap":{"0":{"start":{"line":14,"column":36},"end":{"line":17,"column":null}},"1":{"start":{"line":16,"column":2},"end":{"line":16,"column":null}},"2":{"start":{"line":20,"column":34},"end":{"line":45,"column":null}},"3":{"start":{"line":23,"column":16},"end":{"line":23,"column":null}},"4":{"start":{"line":24,"column":20},"end":{"line":24,"column":null}},"5":{"start":{"line":25,"column":2},"end":{"line":25,"column":null}},"6":{"start":{"line":27,"column":26},"end":{"line":35,"column":null}},"7":{"start":{"line":37,"column":2},"end":{"line":39,"column":null}},"8":{"start":{"line":38,"column":4},"end":{"line":38,"column":null}},"9":{"start":{"line":41,"column":2},"end":{"line":44,"column":null}},"10":{"start":{"line":48,"column":36},"end":{"line":78,"column":null}},"11":{"start":{"line":51,"column":26},"end":{"line":55,"column":null}},"12":{"start":{"line":57,"column":2},"end":{"line":59,"column":null}},"13":{"start":{"line":58,"column":4},"end":{"line":58,"column":null}},"14":{"start":{"line":62,"column":14},"end":{"line":62,"column":null}},"15":{"start":{"line":63,"column":20},"end":{"line":63,"column":null}},"16":{"start":{"line":64,"column":2},"end":{"line":66,"column":null}},"17":{"start":{"line":65,"column":4},"end":{"line":65,"column":null}},"18":{"start":{"line":69,"column":2},"end":{"line":71,"column":null}},"19":{"start":{"line":70,"column":4},"end":{"line":70,"column":null}},"20":{"start":{"line":73,"column":2},"end":{"line":77,"column":null}},"21":{"start":{"line":81,"column":31},"end":{"line":96,"column":null}},"22":{"start":{"line":85,"column":20},"end":{"line":91,"column":null}},"23":{"start":{"line":93,"column":2},"end":{"line":95,"column":null}},"24":{"start":{"line":94,"column":4},"end":{"line":94,"column":null}},"25":{"start":{"line":99,"column":29},"end":{"line":172,"column":null}},"26":{"start":{"line":104,"column":28},"end":{"line":106,"column":null}},"27":{"start":{"line":105,"column":48},"end":{"line":105,"column":59}},"28":{"start":{"line":108,"column":30},"end":{"line":110,"column":null}},"29":{"start":{"line":112,"column":26},"end":{"line":147,"column":null}},"30":{"start":{"line":149,"column":2},"end":{"line":151,"column":null}},"31":{"start":{"line":150,"column":4},"end":{"line":150,"column":null}},"32":{"start":{"line":153,"column":21},"end":{"line":153,"column":null}},"33":{"start":{"line":156,"column":2},"end":{"line":169,"column":null}},"34":{"start":{"line":157,"column":4},"end":{"line":159,"column":null}},"35":{"start":{"line":158,"column":6},"end":{"line":158,"column":null}},"36":{"start":{"line":160,"column":4},"end":{"line":162,"column":null}},"37":{"start":{"line":161,"column":6},"end":{"line":161,"column":null}},"38":{"start":{"line":163,"column":4},"end":{"line":165,"column":null}},"39":{"start":{"line":164,"column":6},"end":{"line":164,"column":null}},"40":{"start":{"line":168,"column":4},"end":{"line":168,"column":null}},"41":{"start":{"line":171,"column":2},"end":{"line":171,"column":null}},"42":{"start":{"line":175,"column":30},"end":{"line":189,"column":null}},"43":{"start":{"line":178,"column":26},"end":{"line":182,"column":null}},"44":{"start":{"line":184,"column":2},"end":{"line":186,"column":null}},"45":{"start":{"line":185,"column":4},"end":{"line":185,"column":null}},"46":{"start":{"line":188,"column":2},"end":{"line":188,"column":null}},"47":{"start":{"line":192,"column":33},"end":{"line":228,"column":null}},"48":{"start":{"line":200,"column":14},"end":{"line":204,"column":null}},"49":{"start":{"line":206,"column":2},"end":{"line":208,"column":null}},"50":{"start":{"line":207,"column":4},"end":{"line":207,"column":null}},"51":{"start":{"line":210,"column":2},"end":{"line":212,"column":null}},"52":{"start":{"line":211,"column":4},"end":{"line":211,"column":null}},"53":{"start":{"line":214,"column":2},"end":{"line":216,"column":null}},"54":{"start":{"line":215,"column":4},"end":{"line":215,"column":null}},"55":{"start":{"line":218,"column":33},"end":{"line":218,"column":null}},"56":{"start":{"line":220,"column":2},"end":{"line":222,"column":null}},"57":{"start":{"line":221,"column":4},"end":{"line":221,"column":null}},"58":{"start":{"line":224,"column":2},"end":{"line":227,"column":null}},"59":{"start":{"line":231,"column":31},"end":{"line":247,"column":null}},"60":{"start":{"line":234,"column":26},"end":{"line":240,"column":null}},"61":{"start":{"line":242,"column":2},"end":{"line":244,"column":null}},"62":{"start":{"line":243,"column":4},"end":{"line":243,"column":null}},"63":{"start":{"line":246,"column":2},"end":{"line":246,"column":null}},"64":{"start":{"line":250,"column":35},"end":{"line":262,"column":null}},"65":{"start":{"line":254,"column":20},"end":{"line":257,"column":null}},"66":{"start":{"line":259,"column":2},"end":{"line":261,"column":null}},"67":{"start":{"line":260,"column":4},"end":{"line":260,"column":null}},"68":{"start":{"line":265,"column":38},"end":{"line":287,"column":null}},"69":{"start":{"line":272,"column":20},"end":{"line":282,"column":null}},"70":{"start":{"line":284,"column":2},"end":{"line":286,"column":null}},"71":{"start":{"line":285,"column":4},"end":{"line":285,"column":null}},"72":{"start":{"line":290,"column":37},"end":{"line":306,"column":null}},"73":{"start":{"line":294,"column":20},"end":{"line":301,"column":null}},"74":{"start":{"line":303,"column":2},"end":{"line":305,"column":null}},"75":{"start":{"line":304,"column":4},"end":{"line":304,"column":null}},"76":{"start":{"line":309,"column":34},"end":{"line":320,"column":null}},"77":{"start":{"line":310,"column":20},"end":{"line":315,"column":null}},"78":{"start":{"line":317,"column":2},"end":{"line":319,"column":null}},"79":{"start":{"line":318,"column":4},"end":{"line":318,"column":null}},"80":{"start":{"line":323,"column":34},"end":{"line":344,"column":null}},"81":{"start":{"line":327,"column":25},"end":{"line":327,"column":null}},"82":{"start":{"line":328,"column":2},"end":{"line":328,"column":null}},"83":{"start":{"line":328,"column":23},"end":{"line":328,"column":null}},"84":{"start":{"line":330,"column":26},"end":{"line":337,"column":null}},"85":{"start":{"line":339,"column":2},"end":{"line":341,"column":null}},"86":{"start":{"line":340,"column":4},"end":{"line":340,"column":null}},"87":{"start":{"line":343,"column":2},"end":{"line":343,"column":null}},"88":{"start":{"line":347,"column":32},"end":{"line":386,"column":null}},"89":{"start":{"line":348,"column":2},"end":{"line":385,"column":null}},"90":{"start":{"line":389,"column":33},"end":{"line":408,"column":null}},"91":{"start":{"line":393,"column":15},"end":{"line":399,"column":null}},"92":{"start":{"line":393,"column":39},"end":{"line":399,"column":4}},"93":{"start":{"line":401,"column":20},"end":{"line":403,"column":null}},"94":{"start":{"line":405,"column":2},"end":{"line":407,"column":null}},"95":{"start":{"line":406,"column":4},"end":{"line":406,"column":null}},"96":{"start":{"line":411,"column":33},"end":{"line":433,"column":null}},"97":{"start":{"line":415,"column":15},"end":{"line":424,"column":null}},"98":{"start":{"line":415,"column":38},"end":{"line":424,"column":4}},"99":{"start":{"line":426,"column":20},"end":{"line":428,"column":null}},"100":{"start":{"line":430,"column":2},"end":{"line":432,"column":null}},"101":{"start":{"line":431,"column":4},"end":{"line":431,"column":null}},"102":{"start":{"line":436,"column":33},"end":{"line":457,"column":null}},"103":{"start":{"line":440,"column":15},"end":{"line":448,"column":null}},"104":{"start":{"line":440,"column":38},"end":{"line":448,"column":4}},"105":{"start":{"line":450,"column":20},"end":{"line":452,"column":null}},"106":{"start":{"line":454,"column":2},"end":{"line":456,"column":null}},"107":{"start":{"line":455,"column":4},"end":{"line":455,"column":null}},"108":{"start":{"line":460,"column":37},"end":{"line":479,"column":null}},"109":{"start":{"line":463,"column":18},"end":{"line":463,"column":null}},"110":{"start":{"line":464,"column":2},"end":{"line":464,"column":null}},"111":{"start":{"line":464,"column":16},"end":{"line":464,"column":null}},"112":{"start":{"line":467,"column":4},"end":{"line":471,"column":null}},"113":{"start":{"line":473,"column":2},"end":{"line":478,"column":null}},"114":{"start":{"line":482,"column":30},"end":{"line":502,"column":null}},"115":{"start":{"line":485,"column":26},"end":{"line":488,"column":null}},"116":{"start":{"line":490,"column":2},"end":{"line":490,"column":null}},"117":{"start":{"line":490,"column":13},"end":{"line":490,"column":null}},"118":{"start":{"line":492,"column":2},"end":{"line":501,"column":null}},"119":{"start":{"line":492,"column":41},"end":{"line":501,"column":4}},"120":{"start":{"line":505,"column":30},"end":{"line":526,"column":null}},"121":{"start":{"line":508,"column":26},"end":{"line":511,"column":null}},"122":{"start":{"line":513,"column":2},"end":{"line":513,"column":null}},"123":{"start":{"line":513,"column":13},"end":{"line":513,"column":null}},"124":{"start":{"line":515,"column":2},"end":{"line":525,"column":null}},"125":{"start":{"line":515,"column":41},"end":{"line":525,"column":4}},"126":{"start":{"line":529,"column":30},"end":{"line":549,"column":null}},"127":{"start":{"line":532,"column":26},"end":{"line":535,"column":null}},"128":{"start":{"line":537,"column":2},"end":{"line":537,"column":null}},"129":{"start":{"line":537,"column":13},"end":{"line":537,"column":null}},"130":{"start":{"line":539,"column":2},"end":{"line":548,"column":null}},"131":{"start":{"line":539,"column":41},"end":{"line":548,"column":4}}},"fnMap":{"0":{"name":"(anonymous_0)","decl":{"start":{"line":14,"column":36},"end":{"line":14,"column":50}},"loc":{"start":{"line":14,"column":50},"end":{"line":17,"column":null}},"line":14},"1":{"name":"(anonymous_1)","decl":{"start":{"line":20,"column":34},"end":{"line":20,"column":null}},"loc":{"start":{"line":22,"column":52},"end":{"line":45,"column":null}},"line":22},"2":{"name":"(anonymous_2)","decl":{"start":{"line":48,"column":36},"end":{"line":48,"column":null}},"loc":{"start":{"line":50,"column":71},"end":{"line":78,"column":null}},"line":50},"3":{"name":"(anonymous_3)","decl":{"start":{"line":81,"column":31},"end":{"line":81,"column":null}},"loc":{"start":{"line":84,"column":20},"end":{"line":96,"column":null}},"line":84},"4":{"name":"(anonymous_4)","decl":{"start":{"line":99,"column":29},"end":{"line":99,"column":null}},"loc":{"start":{"line":102,"column":22},"end":{"line":172,"column":null}},"line":102},"5":{"name":"(anonymous_5)","decl":{"start":{"line":105,"column":41},"end":{"line":105,"column":42}},"loc":{"start":{"line":105,"column":48},"end":{"line":105,"column":59}},"line":105},"6":{"name":"(anonymous_6)","decl":{"start":{"line":175,"column":30},"end":{"line":175,"column":null}},"loc":{"start":{"line":177,"column":30},"end":{"line":189,"column":null}},"line":177},"7":{"name":"(anonymous_7)","decl":{"start":{"line":192,"column":33},"end":{"line":192,"column":null}},"loc":{"start":{"line":199,"column":54},"end":{"line":228,"column":null}},"line":199},"8":{"name":"(anonymous_8)","decl":{"start":{"line":231,"column":31},"end":{"line":231,"column":null}},"loc":{"start":{"line":233,"column":30},"end":{"line":247,"column":null}},"line":233},"9":{"name":"(anonymous_9)","decl":{"start":{"line":250,"column":35},"end":{"line":250,"column":null}},"loc":{"start":{"line":253,"column":20},"end":{"line":262,"column":null}},"line":253},"10":{"name":"(anonymous_10)","decl":{"start":{"line":265,"column":38},"end":{"line":265,"column":null}},"loc":{"start":{"line":271,"column":20},"end":{"line":287,"column":null}},"line":271},"11":{"name":"(anonymous_11)","decl":{"start":{"line":290,"column":37},"end":{"line":290,"column":null}},"loc":{"start":{"line":293,"column":20},"end":{"line":306,"column":null}},"line":293},"12":{"name":"(anonymous_12)","decl":{"start":{"line":309,"column":34},"end":{"line":309,"column":41}},"loc":{"start":{"line":309,"column":78},"end":{"line":320,"column":null}},"line":309},"13":{"name":"(anonymous_13)","decl":{"start":{"line":323,"column":34},"end":{"line":323,"column":null}},"loc":{"start":{"line":326,"column":30},"end":{"line":344,"column":null}},"line":326},"14":{"name":"(anonymous_14)","decl":{"start":{"line":347,"column":32},"end":{"line":347,"column":33}},"loc":{"start":{"line":347,"column":55},"end":{"line":386,"column":null}},"line":347},"15":{"name":"(anonymous_15)","decl":{"start":{"line":389,"column":33},"end":{"line":389,"column":null}},"loc":{"start":{"line":392,"column":20},"end":{"line":408,"column":null}},"line":392},"16":{"name":"(anonymous_16)","decl":{"start":{"line":393,"column":31},"end":{"line":393,"column":32}},"loc":{"start":{"line":393,"column":39},"end":{"line":399,"column":4}},"line":393},"17":{"name":"(anonymous_17)","decl":{"start":{"line":411,"column":33},"end":{"line":411,"column":null}},"loc":{"start":{"line":414,"column":20},"end":{"line":433,"column":null}},"line":414},"18":{"name":"(anonymous_18)","decl":{"start":{"line":415,"column":30},"end":{"line":415,"column":31}},"loc":{"start":{"line":415,"column":38},"end":{"line":424,"column":4}},"line":415},"19":{"name":"(anonymous_19)","decl":{"start":{"line":436,"column":33},"end":{"line":436,"column":null}},"loc":{"start":{"line":439,"column":20},"end":{"line":457,"column":null}},"line":439},"20":{"name":"(anonymous_20)","decl":{"start":{"line":440,"column":30},"end":{"line":440,"column":31}},"loc":{"start":{"line":440,"column":38},"end":{"line":448,"column":4}},"line":440},"21":{"name":"(anonymous_21)","decl":{"start":{"line":460,"column":37},"end":{"line":460,"column":null}},"loc":{"start":{"line":462,"column":41},"end":{"line":479,"column":null}},"line":462},"22":{"name":"(anonymous_22)","decl":{"start":{"line":482,"column":30},"end":{"line":482,"column":null}},"loc":{"start":{"line":484,"column":42},"end":{"line":502,"column":null}},"line":484},"23":{"name":"(anonymous_23)","decl":{"start":{"line":492,"column":26},"end":{"line":492,"column":27}},"loc":{"start":{"line":492,"column":41},"end":{"line":501,"column":4}},"line":492},"24":{"name":"(anonymous_24)","decl":{"start":{"line":505,"column":30},"end":{"line":505,"column":null}},"loc":{"start":{"line":507,"column":42},"end":{"line":526,"column":null}},"line":507},"25":{"name":"(anonymous_25)","decl":{"start":{"line":515,"column":26},"end":{"line":515,"column":27}},"loc":{"start":{"line":515,"column":41},"end":{"line":525,"column":4}},"line":515},"26":{"name":"(anonymous_26)","decl":{"start":{"line":529,"column":30},"end":{"line":529,"column":null}},"loc":{"start":{"line":531,"column":41},"end":{"line":549,"column":null}},"line":531},"27":{"name":"(anonymous_27)","decl":{"start":{"line":539,"column":26},"end":{"line":539,"column":27}},"loc":{"start":{"line":539,"column":41},"end":{"line":548,"column":4}},"line":539}},"branchMap":{"0":{"loc":{"start":{"line":37,"column":2},"end":{"line":39,"column":null}},"type":"if","locations":[{"start":{"line":37,"column":2},"end":{"line":39,"column":null}},{"start":{},"end":{}}],"line":37},"1":{"loc":{"start":{"line":57,"column":2},"end":{"line":59,"column":null}},"type":"if","locations":[{"start":{"line":57,"column":2},"end":{"line":59,"column":null}},{"start":{},"end":{}}],"line":57},"2":{"loc":{"start":{"line":57,"column":6},"end":{"line":57,"column":22}},"type":"binary-expr","locations":[{"start":{"line":57,"column":6},"end":{"line":57,"column":15}},{"start":{"line":57,"column":15},"end":{"line":57,"column":22}}],"line":57},"3":{"loc":{"start":{"line":64,"column":2},"end":{"line":66,"column":null}},"type":"if","locations":[{"start":{"line":64,"column":2},"end":{"line":66,"column":null}},{"start":{},"end":{}}],"line":64},"4":{"loc":{"start":{"line":69,"column":2},"end":{"line":71,"column":null}},"type":"if","locations":[{"start":{"line":69,"column":2},"end":{"line":71,"column":null}},{"start":{},"end":{}}],"line":69},"5":{"loc":{"start":{"line":93,"column":2},"end":{"line":95,"column":null}},"type":"if","locations":[{"start":{"line":93,"column":2},"end":{"line":95,"column":null}},{"start":{},"end":{}}],"line":93},"6":{"loc":{"start":{"line":104,"column":28},"end":{"line":106,"column":null}},"type":"cond-expr","locations":[{"start":{"line":105,"column":6},"end":{"line":105,"column":null}},{"start":{"line":106,"column":6},"end":{"line":106,"column":null}}],"line":104},"7":{"loc":{"start":{"line":108,"column":30},"end":{"line":110,"column":null}},"type":"cond-expr","locations":[{"start":{"line":109,"column":6},"end":{"line":109,"column":null}},{"start":{"line":110,"column":6},"end":{"line":110,"column":null}}],"line":108},"8":{"loc":{"start":{"line":149,"column":2},"end":{"line":151,"column":null}},"type":"if","locations":[{"start":{"line":149,"column":2},"end":{"line":151,"column":null}},{"start":{},"end":{}}],"line":149},"9":{"loc":{"start":{"line":157,"column":4},"end":{"line":159,"column":null}},"type":"if","locations":[{"start":{"line":157,"column":4},"end":{"line":159,"column":null}},{"start":{},"end":{}}],"line":157},"10":{"loc":{"start":{"line":160,"column":4},"end":{"line":162,"column":null}},"type":"if","locations":[{"start":{"line":160,"column":4},"end":{"line":162,"column":null}},{"start":{},"end":{}}],"line":160},"11":{"loc":{"start":{"line":163,"column":4},"end":{"line":165,"column":null}},"type":"if","locations":[{"start":{"line":163,"column":4},"end":{"line":165,"column":null}},{"start":{},"end":{}}],"line":163},"12":{"loc":{"start":{"line":184,"column":2},"end":{"line":186,"column":null}},"type":"if","locations":[{"start":{"line":184,"column":2},"end":{"line":186,"column":null}},{"start":{},"end":{}}],"line":184},"13":{"loc":{"start":{"line":184,"column":6},"end":{"line":184,"column":22}},"type":"binary-expr","locations":[{"start":{"line":184,"column":6},"end":{"line":184,"column":15}},{"start":{"line":184,"column":15},"end":{"line":184,"column":22}}],"line":184},"14":{"loc":{"start":{"line":206,"column":2},"end":{"line":208,"column":null}},"type":"if","locations":[{"start":{"line":206,"column":2},"end":{"line":208,"column":null}},{"start":{},"end":{}}],"line":206},"15":{"loc":{"start":{"line":210,"column":2},"end":{"line":212,"column":null}},"type":"if","locations":[{"start":{"line":210,"column":2},"end":{"line":212,"column":null}},{"start":{},"end":{}}],"line":210},"16":{"loc":{"start":{"line":214,"column":2},"end":{"line":216,"column":null}},"type":"if","locations":[{"start":{"line":214,"column":2},"end":{"line":216,"column":null}},{"start":{},"end":{}}],"line":214},"17":{"loc":{"start":{"line":215,"column":58},"end":{"line":215,"column":81}},"type":"binary-expr","locations":[{"start":{"line":215,"column":58},"end":{"line":215,"column":75}},{"start":{"line":215,"column":75},"end":{"line":215,"column":81}}],"line":215},"18":{"loc":{"start":{"line":220,"column":2},"end":{"line":222,"column":null}},"type":"if","locations":[{"start":{"line":220,"column":2},"end":{"line":222,"column":null}},{"start":{},"end":{}}],"line":220},"19":{"loc":{"start":{"line":225,"column":15},"end":{"line":225,"column":27}},"type":"binary-expr","locations":[{"start":{"line":225,"column":15},"end":{"line":225,"column":23}},{"start":{"line":225,"column":23},"end":{"line":225,"column":27}}],"line":225},"20":{"loc":{"start":{"line":226,"column":11},"end":{"line":226,"column":null}},"type":"binary-expr","locations":[{"start":{"line":226,"column":11},"end":{"line":226,"column":20}},{"start":{"line":226,"column":20},"end":{"line":226,"column":null}}],"line":226},"21":{"loc":{"start":{"line":242,"column":2},"end":{"line":244,"column":null}},"type":"if","locations":[{"start":{"line":242,"column":2},"end":{"line":244,"column":null}},{"start":{},"end":{}}],"line":242},"22":{"loc":{"start":{"line":242,"column":6},"end":{"line":242,"column":22}},"type":"binary-expr","locations":[{"start":{"line":242,"column":6},"end":{"line":242,"column":15}},{"start":{"line":242,"column":15},"end":{"line":242,"column":22}}],"line":242},"23":{"loc":{"start":{"line":259,"column":2},"end":{"line":261,"column":null}},"type":"if","locations":[{"start":{"line":259,"column":2},"end":{"line":261,"column":null}},{"start":{},"end":{}}],"line":259},"24":{"loc":{"start":{"line":284,"column":2},"end":{"line":286,"column":null}},"type":"if","locations":[{"start":{"line":284,"column":2},"end":{"line":286,"column":null}},{"start":{},"end":{}}],"line":284},"25":{"loc":{"start":{"line":303,"column":2},"end":{"line":305,"column":null}},"type":"if","locations":[{"start":{"line":303,"column":2},"end":{"line":305,"column":null}},{"start":{},"end":{}}],"line":303},"26":{"loc":{"start":{"line":317,"column":2},"end":{"line":319,"column":null}},"type":"if","locations":[{"start":{"line":317,"column":2},"end":{"line":319,"column":null}},{"start":{},"end":{}}],"line":317},"27":{"loc":{"start":{"line":328,"column":2},"end":{"line":328,"column":null}},"type":"if","locations":[{"start":{"line":328,"column":2},"end":{"line":328,"column":null}},{"start":{},"end":{}}],"line":328},"28":{"loc":{"start":{"line":339,"column":2},"end":{"line":341,"column":null}},"type":"if","locations":[{"start":{"line":339,"column":2},"end":{"line":341,"column":null}},{"start":{},"end":{}}],"line":339},"29":{"loc":{"start":{"line":339,"column":6},"end":{"line":339,"column":22}},"type":"binary-expr","locations":[{"start":{"line":339,"column":6},"end":{"line":339,"column":15}},{"start":{"line":339,"column":15},"end":{"line":339,"column":22}}],"line":339},"30":{"loc":{"start":{"line":397,"column":24},"end":{"line":397,"column":null}},"type":"binary-expr","locations":[{"start":{"line":397,"column":24},"end":{"line":397,"column":47}},{"start":{"line":397,"column":47},"end":{"line":397,"column":null}}],"line":397},"31":{"loc":{"start":{"line":398,"column":11},"end":{"line":398,"column":null}},"type":"binary-expr","locations":[{"start":{"line":398,"column":11},"end":{"line":398,"column":22}},{"start":{"line":398,"column":22},"end":{"line":398,"column":null}}],"line":398},"32":{"loc":{"start":{"line":405,"column":2},"end":{"line":407,"column":null}},"type":"if","locations":[{"start":{"line":405,"column":2},"end":{"line":407,"column":null}},{"start":{},"end":{}}],"line":405},"33":{"loc":{"start":{"line":417,"column":17},"end":{"line":417,"column":null}},"type":"binary-expr","locations":[{"start":{"line":417,"column":17},"end":{"line":417,"column":33}},{"start":{"line":417,"column":33},"end":{"line":417,"column":null}}],"line":417},"34":{"loc":{"start":{"line":420,"column":13},"end":{"line":420,"column":null}},"type":"binary-expr","locations":[{"start":{"line":420,"column":13},"end":{"line":420,"column":26}},{"start":{"line":420,"column":26},"end":{"line":420,"column":null}}],"line":420},"35":{"loc":{"start":{"line":421,"column":18},"end":{"line":421,"column":null}},"type":"binary-expr","locations":[{"start":{"line":421,"column":18},"end":{"line":421,"column":35}},{"start":{"line":421,"column":35},"end":{"line":421,"column":null}}],"line":421},"36":{"loc":{"start":{"line":422,"column":17},"end":{"line":422,"column":null}},"type":"binary-expr","locations":[{"start":{"line":422,"column":17},"end":{"line":422,"column":33}},{"start":{"line":422,"column":33},"end":{"line":422,"column":null}}],"line":422},"37":{"loc":{"start":{"line":423,"column":10},"end":{"line":423,"column":null}},"type":"binary-expr","locations":[{"start":{"line":423,"column":10},"end":{"line":423,"column":20}},{"start":{"line":423,"column":20},"end":{"line":423,"column":null}}],"line":423},"38":{"loc":{"start":{"line":430,"column":2},"end":{"line":432,"column":null}},"type":"if","locations":[{"start":{"line":430,"column":2},"end":{"line":432,"column":null}},{"start":{},"end":{}}],"line":430},"39":{"loc":{"start":{"line":445,"column":24},"end":{"line":445,"column":null}},"type":"binary-expr","locations":[{"start":{"line":445,"column":24},"end":{"line":445,"column":47}},{"start":{"line":445,"column":47},"end":{"line":445,"column":null}}],"line":445},"40":{"loc":{"start":{"line":446,"column":19},"end":{"line":446,"column":null}},"type":"binary-expr","locations":[{"start":{"line":446,"column":19},"end":{"line":446,"column":37}},{"start":{"line":446,"column":37},"end":{"line":446,"column":null}}],"line":446},"41":{"loc":{"start":{"line":447,"column":11},"end":{"line":447,"column":null}},"type":"binary-expr","locations":[{"start":{"line":447,"column":11},"end":{"line":447,"column":22}},{"start":{"line":447,"column":22},"end":{"line":447,"column":null}}],"line":447},"42":{"loc":{"start":{"line":454,"column":2},"end":{"line":456,"column":null}},"type":"if","locations":[{"start":{"line":454,"column":2},"end":{"line":456,"column"
[...]
{"line":266,"column":2},"end":{"line":266,"column":null}}},"fnMap":{"0":{"name":"(anonymous_0)","decl":{"start":{"line":12,"column":28},"end":{"line":12,"column":29}},"loc":{"start":{"line":12,"column":91},"end":{"line":22,"column":null}},"line":12},"1":{"name":"(anonymous_1)","decl":{"start":{"line":25,"column":31},"end":{"line":25,"column":32}},"loc":{"start":{"line":25,"column":54},"end":{"line":79,"column":null}},"line":25},"2":{"name":"(anonymous_2)","decl":{"start":{"line":82,"column":28},"end":{"line":82,"column":null}},"loc":{"start":{"line":85,"column":22},"end":{"line":117,"column":null}},"line":85},"3":{"name":"(anonymous_3)","decl":{"start":{"line":120,"column":34},"end":{"line":120,"column":null}},"loc":{"start":{"line":122,"column":39},"end":{"line":159,"column":null}},"line":122},"4":{"name":"(anonymous_4)","decl":{"start":{"line":145,"column":21},"end":{"line":145,"column":22}},"loc":{"start":{"line":145,"column":38},"end":{"line":158,"column":3}},"line":145},"5":{"name":"(anonymous_5)","decl":{"start":{"line":148,"column":41},"end":{"line":148,"column":42}},"loc":{"start":{"line":149,"column":6},"end":{"line":149,"column":null}},"line":149},"6":{"name":"(anonymous_6)","decl":{"start":{"line":162,"column":29},"end":{"line":162,"column":36}},"loc":{"start":{"line":162,"column":81},"end":{"line":174,"column":null}},"line":162},"7":{"name":"(anonymous_7)","decl":{"start":{"line":177,"column":28},"end":{"line":177,"column":null}},"loc":{"start":{"line":180,"column":22},"end":{"line":213,"column":null}},"line":180},"8":{"name":"(anonymous_8)","decl":{"start":{"line":216,"column":28},"end":{"line":216,"column":35}},"loc":{"start":{"line":216,"column":71},"end":{"line":228,"column":null}},"line":216},"9":{"name":"(anonymous_9)","decl":{"start":{"line":231,"column":39},"end":{"line":231,"column":46}},"loc":{"start":{"line":231,"column":82},"end":{"line":240,"column":null}},"line":231},"10":{"name":"(anonymous_10)","decl":{"start":{"line":243,"column":41},"end":{"line":243,"column":null}},"loc":{"start":{"line":246,"column":22},"end":{"line":267,"column":null}},"line":246}},"branchMap":{"0":{"loc":{"start":{"line":13,"column":2},"end":{"line":13,"column":null}},"type":"if","locations":[{"start":{"line":13,"column":2},"end":{"line":13,"column":null}},{"start":{},"end":{}}],"line":13},"1":{"loc":{"start":{"line":19,"column":2},"end":{"line":19,"column":null}},"type":"if","locations":[{"start":{"line":19,"column":2},"end":{"line":19,"column":null}},{"start":{},"end":{}}],"line":19},"2":{"loc":{"start":{"line":20,"column":2},"end":{"line":20,"column":null}},"type":"if","locations":[{"start":{"line":20,"column":2},"end":{"line":20,"column":null}},{"start":{},"end":{}}],"line":20},"3":{"loc":{"start":{"line":92,"column":13},"end":{"line":92,"column":null}},"type":"binary-expr","locations":[{"start":{"line":92,"column":13},"end":{"line":92,"column":33}},{"start":{"line":92,"column":33},"end":{"line":92,"column":null}}],"line":92},"4":{"loc":{"start":{"line":93,"column":14},"end":{"line":93,"column":null}},"type":"binary-expr","locations":[{"start":{"line":93,"column":14},"end":{"line":93,"column":35}},{"start":{"line":93,"column":35},"end":{"line":93,"column":null}}],"line":93},"5":{"loc":{"start":{"line":94,"column":19},"end":{"line":94,"column":null}},"type":"binary-expr","locations":[{"start":{"line":94,"column":19},"end":{"line":94,"column":44}},{"start":{"line":94,"column":44},"end":{"line":94,"column":null}}],"line":94},"6":{"loc":{"start":{"line":95,"column":14},"end":{"line":95,"column":null}},"type":"binary-expr","locations":[{"start":{"line":95,"column":14},"end":{"line":95,"column":35}},{"start":{"line":95,"column":35},"end":{"line":95,"column":null}}],"line":95},"7":{"loc":{"start":{"line":96,"column":19},"end":{"line":96,"column":null}},"type":"binary-expr","locations":[{"start":{"line":96,"column":19},"end":{"line":96,"column":44}},{"start":{"line":96,"column":44},"end":{"line":96,"column":null}}],"line":96},"8":{"loc":{"start":{"line":97,"column":32},"end":{"line":97,"column":null}},"type":"binary-expr","locations":[{"start":{"line":97,"column":32},"end":{"line":97,"column":68}},{"start":{"line":97,"column":68},"end":{"line":97,"column":null}}],"line":97},"9":{"loc":{"start":{"line":98,"column":19},"end":{"line":98,"column":null}},"type":"binary-expr","locations":[{"start":{"line":98,"column":19},"end":{"line":98,"column":44}},{"start":{"line":98,"column":44},"end":{"line":98,"column":null}}],"line":98},"10":{"loc":{"start":{"line":99,"column":22},"end":{"line":99,"column":null}},"type":"binary-expr","locations":[{"start":{"line":99,"column":22},"end":{"line":99,"column":50}},{"start":{"line":99,"column":50},"end":{"line":99,"column":null}}],"line":99},"11":{"loc":{"start":{"line":100,"column":35},"end":{"line":100,"column":null}},"type":"binary-expr","locations":[{"start":{"line":100,"column":35},"end":{"line":100,"column":74}},{"start":{"line":100,"column":74},"end":{"line":100,"column":null}}],"line":100},"12":{"loc":{"start":{"line":102,"column":23},"end":{"line":102,"column":null}},"type":"binary-expr","locations":[{"start":{"line":102,"column":23},"end":{"line":102,"column":51}},{"start":{"line":102,"column":51},"end":{"line":102,"column":null}}],"line":102},"13":{"loc":{"start":{"line":103,"column":36},"end":{"line":103,"column":null}},"type":"binary-expr","locations":[{"start":{"line":103,"column":36},"end":{"line":103,"column":75}},{"start":{"line":103,"column":75},"end":{"line":103,"column":null}}],"line":103},"14":{"loc":{"start":{"line":109,"column":2},"end":{"line":114,"column":null}},"type":"if","locations":[{"start":{"line":109,"column":2},"end":{"line":114,"column":null}},{"start":{},"end":{}}],"line":109},"15":{"loc":{"start":{"line":110,"column":4},"end":{"line":112,"column":null}},"type":"if","locations":[{"start":{"line":110,"column":4},"end":{"line":112,"column":null}},{"start":{},"end":{}}],"line":110},"16":{"loc":{"start":{"line":136,"column":2},"end":{"line":138,"column":null}},"type":"if","locations":[{"start":{"line":136,"column":2},"end":{"line":138,"column":null}},{"start":{},"end":{}}],"line":136},"17":{"loc":{"start":{"line":140,"column":2},"end":{"line":142,"column":null}},"type":"if","locations":[{"start":{"line":140,"column":2},"end":{"line":142,"column":null}},{"start":{},"end":{}}],"line":140},"18":{"loc":{"start":{"line":140,"column":6},"end":{"line":140,"column":40}},"type":"binary-expr","locations":[{"start":{"line":140,"column":6},"end":{"line":140,"column":18}},{"start":{"line":140,"column":18},"end":{"line":140,"column":40}}],"line":140},"19":{"loc":{"start":{"line":147,"column":21},"end":{"line":147,"column":null}},"type":"binary-expr","locations":[{"start":{"line":147,"column":21},"end":{"line":147,"column":41}},{"start":{"line":147,"column":41},"end":{"line":147,"column":null}}],"line":147},"20":{"loc":{"start":{"line":155,"column":23},"end":{"line":155,"column":null}},"type":"binary-expr","locations":[{"start":{"line":155,"column":23},"end":{"line":155,"column":42}},{"start":{"line":155,"column":42},"end":{"line":155,"column":null}}],"line":155},"21":{"loc":{"start":{"line":156,"column":38},"end":{"line":156,"column":61}},"type":"binary-expr","locations":[{"start":{"line":156,"column":38},"end":{"line":156,"column":57}},{"start":{"line":156,"column":57},"end":{"line":156,"column":61}}],"line":156},"22":{"loc":{"start":{"line":169,"column":2},"end":{"line":171,"column":null}},"type":"if","locations":[{"start":{"line":169,"column":2},"end":{"line":171,"column":null}},{"start":{},"end":{}}],"line":169},"23":{"loc":{"start":{"line":169,"column":6},"end":{"line":169,"column":22}},"type":"binary-expr","locations":[{"start":{"line":169,"column":6},"end":{"line":169,"column":15}},{"start":{"line":169,"column":15},"end":{"line":169,"column":22}}],"line":169},"24":{"loc":{"start":{"line":185,"column":2},"end":{"line":185,"column":null}},"type":"if","locations":[{"start":{"line":185,"column":2},"end":{"line":185,"column":null}},{"start":{},"end":{}}],"line":185},"25":{"loc":{"start":{"line":186,"column":2},"end":{"line":186,"column":null}},"type":"if","locations":[{"start":{"line":186,"column":2},"end":{"line":186,"column":null}},{"start":{},"end":{}}],"line":186},"26":{"loc":{"start":{"line":187,"column":2},"end":{"line":187,"column":null}},"type":"if","locations":[{"start":{"line":187,"column":2},"end":{"line":187,"column":null}},{"start":{},"end":{}}],"line":187},"27":{"loc":{"start":{"line":187,"column":57},"end":{"line":187,"column":null}},"type":"binary-expr","locations":[{"start":{"line":187,"column":57},"end":{"line":187,"column":77}},{"start":{"line":187,"column":77},"end":{"line":187,"column":null}}],"line":187},"28":{"loc":{"start":{"line":188,"column":2},"end":{"line":188,"column":null}},"type":"if","locations":[{"start":{"line":188,"column":2},"end":{"line":188,"column":null}},{"start":{},"end":{}}],"line":188},"29":{"loc":{"start":{"line":189,"column":2},"end":{"line":189,"column":null}},"type":"if","locations":[{"start":{"line":189,"column":2},"end":{"line":189,"column":null}},{"start":{},"end":{}}],"line":189},"30":{"loc":{"start":{"line":189,"column":59},"end":{"line":189,"column":null}},"type":"binary-expr","locations":[{"start":{"line":189,"column":59},"end":{"line":189,"column":80}},{"start":{"line":189,"column":80},"end":{"line":189,"column":null}}],"line":189},"31":{"loc":{"start":{"line":190,"column":2},"end":{"line":190,"column":null}},"type":"if","locations":[{"start":{"line":190,"column":2},"end":{"line":190,"column":null}},{"start":{},"end":{}}],"line":190},"32":{"loc":{"start":{"line":191,"column":2},"end":{"line":191,"column":null}},"type":"if","locations":[{"start":{"line":191,"column":2},"end":{"line":191,"column":null}},{"start":{},"end":{}}],"line":191},"33":{"loc":{"start":{"line":191,"column":59},"end":{"line":191,"column":null}},"type":"binary-expr","locations":[{"start":{"line":191,"column":59},"end":{"line":191,"column":80}},{"start":{"line":191,"column":80},"end":{"line":191,"column":null}}],"line":191},"34":{"loc":{"start":{"line":192,"column":2},"end":{"line":192,"column":null}},"type":"if","locations":[{"start":{"line":192,"column":2},"end":{"line":192,"column":null}},{"start":{},"end":{}}],"line":192},"35":{"loc":{"start":{"line":192,"column":68},"end":{"line":192,"column":null}},"type":"binary-expr","locations":[{"start":{"line":192,"column":68},"end":{"line":192,"column":93}},{"start":{"line":192,"column":93},"end":{"line":192,"column":null}}],"line":192},"36":{"loc":{"start":{"line":193,"column":2},"end":{"line":193,"column":null}},"type":"if","locations":[{"start":{"line":193,"column":2},"end":{"line":193,"column":null}},{"start":{},"end":{}}],"line":193},"37":{"loc":{"start":{"line":193,"column":92},"end":{"line":193,"column":null}},"type":"binary-expr","locations":[{"start":{"line":193,"column":92},"end":{"line":193,"column":128}},{"start":{"line":193,"column":128},"end":{"line":193,"column":null}}],"line":193},"38":{"loc":{"start":{"line":194,"column":2},"end":{"line":194,"column":null}},"type":"if","locations":[{"start":{"line":194,"column":2},"end":{"line":194,"column":null}},{"start":{},"end":{}}],"line":194},"39":{"loc":{"start":{"line":195,"column":2},"end":{"line":195,"column":null}},"type":"if","locations":[{"start":{"line":195,"column":2},"end":{"line":195,"column":null}},{"start":{},"end":{}}],"line":195},"40":{"loc":{"start":{"line":195,"column":74},"end":{"line":195,"column":null}},"type":"binary-expr","locations":[{"start":{"line":195,"column":74},"end":{"line":195,"column":102}},{"start":{"line":195,"column":102},"end":{"line":195,"column":null}}],"line":195},"41":{"loc":{"start":{"line":196,"column":2},"end":{"line":196,"column":null}},"type":"if","locations":[{"start":{"line":196,"column":2},"end":{"line":196,"column":null}},{"start":{},"end":{}}],"line":196},"42":{"loc":{"start":{"line":196,"column":98},"end":{"line":196,"column":null}},"type":"binary-expr","locations":[{"start":{"line":196,"column":98},"end":{"line":196,"column":137}},{"start":{"line":196,"column":137},"end":{"line":196,"column":null}}],"line":196},"43":{"loc":{"start":{"line":205,"column":2},"end":{"line":210,"column":null}},"type":"if","locations":[{"start":{"line":205,"column":2},"end":{"line":210,"column":null}},{"start":{},"end":{}}],"line":205},"44":{"loc":{"start":{"line":206,"column":4},"end":{"line":208,"column":null}},"type":"if","locations":[{"start":{"line":206,"column":4},"end":{"line":208,"column":null}},{"start":{},"end":{}}],"line":206},"45":{"loc":{"start":{"line":225,"column":2},"end":{"line":227,"column":null}},"type":"if","locations":[{"start":{"line":225,"column":2},"end":{"line":227,"column":null}},{"start":{},"end":{}}],"line":225},"46":{"loc":{"start":{"line":237,"column":2},"end":{"line":239,"column":null}},"type":"if","locations":[{"start":{"line":237,"column":2},"end":{"line":239,"column":null}},{"start":{},"end":{}}],"line":237},"47":{"loc":{"start":{"line":249,"column":29},"end":{"line":249,"column":null}},"type":"binary-expr","locations":[{"start":{"line":249,"column":29},"end":{"line":249,"column":60}},{"start":{"line":249,"column":60},"end":{"line":249,"column":null}}],"line":249},"48":{"loc":{"start":{"line":250,"column":27},"end":{"line":250,"column":null}},"type":"binary-expr","locations":[{"start":{"line":250,"column":27},"end":{"line":250,"column":56}},{"start":{"line":250,"column":56},"end":{"line":250,"column":null}}],"line":250},"49":{"loc":{"start":{"line":262,"column":2},"end":{"line":264,"column":null}},"type":"if","locations":[{"start":{"line":262,"column":2},"end":{"line":264,"column":null}},{"start":{},"end":{}}],"line":262}},"s":{"0":1,"1":5,"2":1,"3":4,"4":4,"5":4,"6":4,"7":2,"8":2,"9":1,"10":1,"11":1,"12":12,"13":1,"14":4,"15":4,"16":2,"17":1,"18":1,"19":2,"20":1,"21":4,"22":4,"23":1,"24":3,"25":1,"26":2,"27":5,"28":5,"29":0,"30":5,"31":5,"32":1,"33":2,"34":2,"35":1,"36":1,"37":1,"38":4,"39":4,"40":2,"41":4,"42":1,"43":4,"44":1,"45":4,"46":0,"47":4,"48":0,"49":4,"50":0,"51":4,"52":0,"53":4,"54":0,"55":4,"56":0,"57":4,"58":0,"59":4,"60":0,"61":4,"62":0,"63":4,"64":4,"65":1,"66":1,"67":0,"68":3,"69":1,"70":2,"71":2,"72":1,"73":1,"74":2,"75":2,"76":1,"77":1,"78":2,"79":2,"80":2,"81":1,"82":1},"f":{"0":5,"1":12,"2":4,"3":4,"4":5,"5":0,"6":2,"7":4,"8":2,"9":2,"10":2},"b":{"0":[1,4],"1":[2,2],"2":[1,1],"3":[4,4],"4":[4,4],"5":[4,4],"6":[4,4],"7":[4,3],"8":[4,4],"9":[4,3],"10":[4,2],"11":[4,3],"12":[4,2],"13":[4,3],"14":[2,2],"15":[1,1],"16":[1,3],"17":[1,2],"18":[3,3],"19":[5,0],"20":[5,1],"21":[5,1],"22":[1,1],"23":[2,1],"24":[2,2],"25":[1,3],"26":[1,3],"27":[1,1],"28":[0,4],"29":[0,4],"30":[0,0],"31":[0,4],"32":[0,4],"33":[0,0],"34":[0,4],"35":[0,0],"36":[0,4],"37":[0,0],"38":[0,4],"39":[0,4],"40":[0,0],"41":[0,4],"42":[0,0],"43":[1,3],"44":[1,0],"45":[1,1],"46":[1,1],"47":[2,1],"48":[2,1],"49":[1,1]},"meta":{"lastBranch":50,"lastFunction":11,"lastStatement":83,"seen":{"s:12:28:22:Infinity":0,"f:12:28:12:29":0,"b:13:2:13:Infinity:undefined:undefined:undefined:undefined":0,"s:13:2:13:Infinity":1,"s:13:24:13:Infinity":2,"s:15:14:15:Infinity":3,"s:16:22:16:Infinity":4,"s:17:31:17:Infinity":5,"b:19:2:19:Infinity:undefined:undefined:undefined:undefined":1,"s:19:2:19:Infinity":6,"s:19:32:19:Infinity":7,"b:20:2:20:Infinity:undefined:undefined:undefined:undefined":2,"s:20:2:20:Infinity":8,"s:20:33:20:Infinity":9,"s:21:2:21:Infinity":10,"s:25:31:79:Infinity":11,"f:25:31:25:32":1,"s:25:54:79:Infinity":12,"s:82:28:117:Infinity":13,"f:82:28:82:Infinity":2,"s:86:25:107:Infinity":14,"b:92:13:92:33:92:33:92:Infinity":3,"b:93:14:93:35:93:35:93:Infinity":4,"b:94:19:94:44:94:44:94:Infinity":5,"b:95:14:95:35:95:35:95:Infinity":6,"b:96:19:96:44:96:44:96:Infinity":7,"b:97:32:97:68:97:68:97:Infinity":8,"b:98:19:98:44:98:44:98:Infinity":9,"b:99:22:99:50:99:50:99:Infinity":10,"b:100:35:100:74:100:74:100:Infinity":11,"b:102:23:102:51:102:51:102:Infinity":12,"b:103:36:103:75:103:75:103:Infinity":13,"b:109:2:114:Infinity:undefined:undefined:undefined:undefined":14,"s:109:2:114:Infinity":15,"b:110:4:112:Infinity:undefined:undefined:undefined:undefined":15,"s:110:4:112:Infinity":16,"s:111:6:111:Infinity":17,"s:113:4:113:Infinity":18,"s:116:2:116:Infinity":19,"s:120:34:159:Infinity":20,"f:120:34:120:Infinity":3,"s:125:49:134:Infinity":21,"b:136:2:138:Infinity:undefined:undefined:undefined:undefined":16,"s:136:2:138:Infinity":22,"s:137:4:137:Infinity":23,"b:140:2:142:Infinity:undefined:undefined:undefined:undefined":17,"s:140:2:142:Infinity":24,"b:140:6:140:18:140:18:140:40":18,"s:141:4:141:Infinity":25,"s:145:2:158:Infinity":26,"f:145:21:145:22":4,"s:147:21:147:Infinity":27,"b:147:21:147:41:147:41:147:Infinity":19,"s:148:27:150:Infinity":28,"f:148:41:148:42":5,"s:149:6:149:Infinity":29,"s:151:28:151:Infinity":30,"s:153:4:157:Infinity":31,"b:155:23:155:42:155:42:155:Infinity":20,"b:156:38:156:57:156:57:156:61":21,"s:162:29:174:Infinity":32,"f:162:29:162:36":6,"s:163:26:167:Infinity":33,"b:169:2:171:Infinity:undefined:undefined:undefined:undefined":22,"s:169:2:171:Infinity":34,"b:169:6:169:15:169:15:169:22":23,"s:170:4:170:Infinity":35,"s:173:2:173:Infinity":36,"s:177:28:213:Infinity":37,"f:177:28:177:Infinity":7,"s:181:26:183:Infinity":38,"b:185:2:185:Infinity:undefined:undefined:undefined:undefined":24,"s:185:2:185:Infinity":39,"s:185:37:185:Infinity":40,"b:186:2:186:Infinity:undefined:undefined:undefined:undefined":25,"s:186:2:186:Infinity":41,"s:186:38:186:Infinity":42,"b:187:2:187:Infinity:undefined:undefined:undefined:undefined":26,"s:187:2:187:Infinity":43,"s:187:38:187:Infinity":44,"b:187:57:187:77:187:77:187:Infinity":27,"b:188:2:188:Infinity:undefined:undefined:undefined:undefined":28,"s:188:2:188:Infinity":45,"s:188:39:188:Infinity":46,"b:189:2:189:Infinity:undefined:undefined:undefined:undefined":29,"s:189:2:189:Infinity":47,"s:189:39:189:Infinity":48,"b:189:59:189:80:189:80:189:Infinity":30,"b:190:2:190:Infinity:undefined:undefined:undefined:undefined":31,"s:190:2:190:Infinity":49,"s:190:43:190:Infinity":50,"b:191:2:191:Infinity:undefined:undefined:undefined:undefined":32,"s:191:2:191:Infinity":51,"s:191:39:191:Infinity":52,"b:191:59:191:80:191:80:191:Infinity":33,"b:192:2:192:Infinity:undefined:undefined:undefined:undefined":34,"s:192:2:192:Infinity":53,"s:192:43:192:Infinity":54,"b:192:68:192:93:192:93:192:Infinity":35,"b:193:2:193:Infinity:undefined:undefined:undefined:undefined":36,"s:193:2:193:Infinity":55,"s:193:54:193:Infinity":56,"b:193:92:193:128:193:128:193:Infinity":37,"b:194:2:194:Infinity:undefined:undefined:undefined:undefined":38,"s:194:2:194:Infinity":57,"s:194:43:194:Infinity":58,"b:195:2:195:Infinity:undefined:undefined:undefined:undefined":39,"s:195:2:195:Infinity":59,"s:195:46:195:Infinity":60,"b:195:74:195:102:195:102:195:Infinity":40,"b:196:2:196:Infinity:undefined:undefined:undefined:undefined":41,"s:196:2:196:Infinity":61,"s:196:57:196:Infinity":62,"b:196:98:196:137:196:137:196:Infinity":42,"s:198:26:203:Infinity":63,"b:205:2:210:Infinity:undefined:undefined:undefined:undefined":43,"s:205:2:210:Infinity":64,"b:206:4:208:Infinity:undefined:undefined:undefined:undefined":44,"s:206:4:208:Infinity":65,"s:207:6:207:Infinity":66,"s:209:4:209:Infinity":67,"s:212:2:212:Infinity":68,"s:216:28:228:Infinity":69,"f:216:28:216:35":8,"s:217:20:223:Infinity":70,"b:225:2:227:Infinity:undefined:undefined:undefined:undefined":45,"s:225:2:227:Infinity":71,"s:226:4:226:Infinity":72,"s:231:39:240:Infinity":73,"f:231:39:231:46":9,"s:232:20:235:Infinity":74,"b:237:2:239:Infinity:undefined:undefined:undefined:undefined":46,"s:237:2:239:Infinity":75,"s:238:4:238:Infinity":76,"s:243:41:267:Infinity":77,"f:243:41:243:Infinity":10,"s:247:26:253:Infinity":78,"b:249:29:249:60:249:60:249:Infinity":47,"b:250:27:250:56:250:56:250:Infinity":48,"s:255:26:260:Infinity":79,"b:262:2:264:Infinity:undefined:undefined:undefined:undefined":49,"s:262:2:264:Infinity":80,"s:263:4:263:Infinity":81,"s:266:2:266:Infinity":82}}}
}
